{
"/Users/creativecode/Projekte/@fabalous/fabalous-runtime-web/src/FabaRuntimeWeb.ts":{"path":"/Users/creativecode/Projekte/@fabalous/fabalous-runtime-web/src/FabaRuntimeWeb.ts","statementMap":{"1":{"start":{"line":1,"column":0},"end":{"line":null,"column":-1}},"2":{"start":{"line":5,"column":0},"end":{"line":5,"column":60}},"3":{"start":{"line":6,"column":0},"end":{"line":6,"column":46}},"4":{"start":{"line":9,"column":0},"end":{"line":9,"column":53}},"5":{"start":{"line":10,"column":0},"end":{"line":10,"column":41}},"6":{"start":{"line":12,"column":0},"end":{"line":12,"column":61}},"7":{"start":{"line":22,"column":0},"end":{"line":22,"column":59}},"8":{"start":{"line":22,"column":44},"end":{"line":22,"column":59}},"9":{"start":{"line":43,"column":8},"end":{"line":43,"column":20}},"10":{"start":{"line":28,"column":12},"end":{"line":28,"column":42}},"11":{"start":{"line":44,"column":8},"end":{"line":44,"column":29}},"12":{"start":{"line":45,"column":8},"end":{"line":45,"column":48}},"13":{"start":{"line":47,"column":8},"end":{"line":47,"column":53}},"14":{"start":{"line":49,"column":8},"end":{"line":51,"column":9}},"15":{"start":{"line":50,"column":12},"end":{"line":50,"column":41}},"16":{"start":{"line":53,"column":8},"end":{"line":53,"column":43}},"17":{"start":{"line":53,"column":27},"end":{"line":53,"column":43}},"18":{"start":{"line":54,"column":8},"end":{"line":56,"column":11}},"19":{"start":{"line":55,"column":12},"end":{"line":55,"column":49}},"20":{"start":{"line":58,"column":8},"end":{"line":58,"column":28}},"21":{"start":{"line":65,"column":4},"end":{"line":73,"column":5}},"22":{"start":{"line":66,"column":8},"end":{"line":72,"column":9}},"23":{"start":{"line":67,"column":12},"end":{"line":67,"column":32}},"24":{"start":{"line":69,"column":12},"end":{"line":71,"column":15}},"25":{"start":{"line":70,"column":16},"end":{"line":70,"column":33}},"26":{"start":{"line":80,"column":11},"end":{"line":82,"column":5}},"27":{"start":{"line":81,"column":8},"end":{"line":81,"column":52}},"28":{"start":{"line":91,"column":11},"end":{"line":99,"column":5}},"29":{"start":{"line":92,"column":8},"end":{"line":94,"column":9}},"30":{"start":{"line":93,"column":12},"end":{"line":93,"column":51}},"31":{"start":{"line":96,"column":8},"end":{"line":98,"column":9}},"32":{"start":{"line":97,"column":12},"end":{"line":97,"column":45}},"33":{"start":{"line":105,"column":4},"end":{"line":133,"column":5}},"34":{"start":{"line":106,"column":8},"end":{"line":106,"column":33}},"35":{"start":{"line":106,"column":26},"end":{"line":106,"column":33}},"36":{"start":{"line":108,"column":8},"end":{"line":108,"column":72}},"37":{"start":{"line":108,"column":23},"end":{"line":108,"column":72}},"38":{"start":{"line":111,"column":34},"end":{"line":111,"column":53}},"39":{"start":{"line":112,"column":38},"end":{"line":112,"column":40}},"40":{"start":{"line":115,"column":8},"end":{"line":126,"column":9}},"41":{"start":{"line":116,"column":26},"end":{"line":116,"column":33}},"42":{"start":{"line":117,"column":12},"end":{"line":125,"column":13}},"43":{"start":{"line":118,"column":16},"end":{"line":124,"column":17}},"44":{"start":{"line":119,"column":32},"end":{"line":119,"column":58}},"45":{"start":{"line":121,"column":20},"end":{"line":123,"column":21}},"46":{"start":{"line":122,"column":24},"end":{"line":122,"column":44}},"47":{"start":{"line":128,"column":8},"end":{"line":132,"column":9}},"48":{"start":{"line":129,"column":12},"end":{"line":129,"column":91}},"49":{"start":{"line":131,"column":12},"end":{"line":131,"column":107}},"50":{"start":{"line":141,"column":4},"end":{"line":150,"column":5}},"51":{"start":{"line":142,"column":38},"end":{"line":142,"column":40}},"52":{"start":{"line":144,"column":8},"end":{"line":147,"column":9}},"53":{"start":{"line":145,"column":22},"end":{"line":145,"column":29}},"54":{"start":{"line":146,"column":12},"end":{"line":146,"column":52}},"55":{"start":{"line":146,"column":33},"end":{"line":146,"column":52}},"56":{"start":{"line":149,"column":8},"end":{"line":149,"column":24}},"57":{"start":{"line":151,"column":0},"end":{"line":151,"column":1}},"58":{"start":{"line":23,"column":11},"end":{"line":23,"column":36}}},"fnMap":{"1":{"name":"(anonymous_0)","line":22,"loc":{"start":{"line":22,"column":0},"end":{"line":22,"column":-1}}},"2":{"name":"FabaRuntimeWeb","line":42,"loc":{"start":{"line":42,"column":78},"end":{"line":59,"column":5}}},"3":{"name":"(anonymous_2)","line":54,"loc":{"start":{"line":54,"column":53},"end":{"line":56,"column":9}}},"4":{"name":"(anonymous_3)","line":65,"loc":{"start":{"line":65,"column":26},"end":{"line":73,"column":5}}},"5":{"name":"(anonymous_4)","line":69,"loc":{"start":{"line":69,"column":31},"end":{"line":71,"column":13}}},"6":{"name":"(anonymous_5)","line":80,"loc":{"start":{"line":80,"column":70},"end":{"line":82,"column":5}}},"7":{"name":"(anonymous_6)","line":91,"loc":{"start":{"line":91,"column":56},"end":{"line":99,"column":5}}},"8":{"name":"(anonymous_7)","line":105,"loc":{"start":{"line":105,"column":34},"end":{"line":133,"column":5}}},"9":{"name":"(anonymous_8)","line":141,"loc":{"start":{"line":141,"column":40},"end":{"line":150,"column":5}}}},"branchMap":{"1":{"line":43,"type":"binary-expr","locations":[{"start":{"line":43,"column":8},"end":{"line":43,"column":20}},{"start":{"line":43,"column":20},"end":{"line":59,"column":4}}]},"2":{"line":49,"type":"if","locations":[{"start":{"line":49,"column":8},"end":{"line":51,"column":9}},{"start":{"line":49,"column":8},"end":{"line":51,"column":9}}]},"3":{"line":53,"type":"if","locations":[{"start":{"line":53,"column":8},"end":{"line":53,"column":43}},{"start":{"line":53,"column":8},"end":{"line":53,"column":43}}]},"4":{"line":66,"type":"if","locations":[{"start":{"line":66,"column":8},"end":{"line":72,"column":9}},{"start":{"line":66,"column":8},"end":{"line":72,"column":9}}]},"5":{"line":66,"type":"binary-expr","locations":[{"start":{"line":66,"column":12},"end":{"line":66,"column":18}},{"start":{"line":66,"column":22},"end":{"line":66,"column":32}}]},"6":{"line":92,"type":"if","locations":[{"start":{"line":92,"column":8},"end":{"line":94,"column":9}},{"start":{"line":92,"column":8},"end":{"line":94,"column":9}}]},"7":{"line":106,"type":"if","locations":[{"start":{"line":106,"column":8},"end":{"line":106,"column":33}},{"start":{"line":106,"column":8},"end":{"line":106,"column":33}}]},"8":{"line":108,"type":"if","locations":[{"start":{"line":108,"column":8},"end":{"line":108,"column":72}},{"start":{"line":108,"column":8},"end":{"line":108,"column":72}}]},"9":{"line":117,"type":"if","locations":[{"start":{"line":117,"column":12},"end":{"line":125,"column":13}},{"start":{"line":117,"column":12},"end":{"line":125,"column":13}}]},"10":{"line":121,"type":"if","locations":[{"start":{"line":121,"column":20},"end":{"line":123,"column":21}},{"start":{"line":121,"column":20},"end":{"line":123,"column":21}}]},"11":{"line":128,"type":"if","locations":[{"start":{"line":128,"column":8},"end":{"line":132,"column":9}},{"start":{"line":128,"column":8},"end":{"line":132,"column":9}}]},"12":{"line":146,"type":"if","locations":[{"start":{"line":146,"column":12},"end":{"line":146,"column":52}},{"start":{"line":146,"column":12},"end":{"line":146,"column":52}}]}},"s":{"1":1,"2":1,"3":1,"4":1,"5":1,"6":1,"7":1,"8":1,"9":3,"10":3,"11":3,"12":3,"13":3,"14":3,"15":0,"16":3,"17":0,"18":3,"19":0,"20":3,"21":1,"22":0,"23":0,"24":0,"25":0,"26":1,"27":0,"28":1,"29":0,"30":0,"31":0,"32":0,"33":1,"34":3,"35":3,"36":0,"37":0,"38":0,"39":0,"40":0,"41":0,"42":0,"43":0,"44":0,"45":0,"46":0,"47":0,"48":0,"49":0,"50":1,"51":0,"52":0,"53":0,"54":0,"55":0,"56":0,"57":1,"58":1},"b":{"1":[3,0],"2":[0,3],"3":[0,3],"4":[0,0],"5":[0,0],"6":[0,0],"7":[3,0],"8":[0,0],"9":[0,0],"10":[0,0],"11":[0,0],"12":[0,0]},"f":{"1":1,"2":3,"3":0,"4":0,"5":0,"6":0,"7":0,"8":3,"9":0},"code":["/**"," * Created by joergwasmeier on 26.12.15."," */","","import FabaCoreRuntime from \"@fabalous/core/FabaCoreRuntime\";","import FabaCore from \"@fabalous/core/FabaCore\";","import {IRoutes} from \"./routes/IRoutes\";","import {FabaWebRoutes} from \"./routes/FabaWebRoutes\";","import LoadModuleEvent from \"./event/LoadModuleEvent\";","import {createHashHistory} from \"history\";","import FabaCoreTransportBase from \"@fabalous/core/transport/FabaCoreTransportBase\";","import FabaRuntimeWebMediator from \"./FabaRuntimeWebMediator\";","import FabaStore from \"@fabalous/core/store/FabaStore\";","","/**"," * Runtime class and startpoint for web Project's"," *"," * Extend this class with your own logic."," *"," * Need an store (FabaStore or FabaImmutableStore) as argument"," */","export default class FabaRuntimeWeb extends FabaCoreRuntime {","    static servers: Array<any> = [];","    static activeModule: any;","    static activeArgs: Array<string>;","    static activeEvent: any;","","    private history = createHashHistory();","    static rootComponent: any;","","    listener: any;","    routes: FabaWebRoutes;","","    /**","     *  /**","     * Contructor expets an store and register the FabaRuntimeWebMediator","     * @param store FabaStore or FabaImmutableStore which is avaible for the commands","     * @param routes","     * @param rootComp","     * @param module","     */","    constructor(store: FabaStore<any>, routes?:any, rootComp?:any, module?:any) {","        super(store);","        this.routes = routes;","        FabaRuntimeWeb.rootComponent = rootComp;","","        FabaCore.addMediator(FabaRuntimeWebMediator);","","        if (module){","            this.enableHotReload(module);","        }","","        if (this.listener) this.listener();","        this.listener = this.history.listen((location) => {","            this.handleRoutes(location.pathname);","        });","","        this.handleRoutes();","    }","","    /**","     * Enable hot module reload","     * @param module","     */","    enableHotReload(module) {","        if (module && module.hot) {","            module.hot.accept();","","            module.hot.dispose(() => {","                FabaCore.reset();","            });","        }","    }","","    /**","     * Add's server inouts that can be used in the commands","     * @param conn Connection Object (Socket / Http.....)","     * @param name Name of the Connection","     */","    static addServerEndPoint(conn: FabaCoreTransportBase, name: string): void {","        this.servers.push({name: name, conn: conn});","    }","","    /**","     * TODO: Need to be refactored and integraded in the commands","     *","     * Static function that send an event to an ENDPOINT (Obsulute)","     * @param event Any FabaEvent object","     * @param identifyer Identifyer of the Endpoint that should be used","     */","    static sendToEndpoint(event: any, identifyer: string): void {","        if (this.servers.length == 0) {","            throw new Error(\"NO ENDPOINT DEFINED\");","        }","","        for (var i = 0; i < this.servers.length; i++) {","            this.servers[i].conn.send(event);","        }","    }","","    /**","     * Handle the routes it hey change","     * @param pathname Parthname as identifyer","     */","    handleRoutes(pathname?: string) {","        if (!this.routes) return;","","        if (!pathname) pathname = window.location.hash.replace(\"#\", \"\");","","        // Split path","        let path: Array<string> = pathname.split(\"/\");","        let matches: Array<IRoutes> = [];","","        // Check if firstname fits","        for (let i = 1; i < path.length; i++) {","            let urlPath = path[i];","            if (urlPath.length > 1) {","                for (let m = 0; m < this.routes.getRoutes().length; m++) {","                    let route = this.routes.getRoutes()[m];","","                    if (route.route.indexOf(urlPath) > -1) {","                        matches.push(route);","                    }","                }","            }","        }","","        if (matches.length > 0) {","            new LoadModuleEvent(matches[0].module, this.normalizeUrlPath(path)).dispatch();","        } else {","            new LoadModuleEvent(this.routes.getRoutes()[0].module, this.normalizeUrlPath(path)).dispatch();","        }","    }","","    /**","     * TODO: Need refactor","     *","     * Helper function that normilaze the Routepath","     * @param path","     */","    normalizeUrlPath(path: Array<string>) {","        let normPath: Array<string> = [];","","        for (var i = 1; i < path.length; i++) {","            var obj = path[i];","            if (obj.length >= 1) normPath.push(obj);","        }","","        return normPath;","    }","}"],"l":{"1":1,"5":1,"6":1,"9":1,"10":1,"12":1,"22":1,"23":1,"28":3,"43":3,"44":3,"45":3,"47":3,"49":3,"50":0,"53":3,"54":3,"55":0,"58":3,"65":1,"66":0,"67":0,"69":0,"70":0,"80":1,"81":0,"91":1,"92":0,"93":0,"96":0,"97":0,"105":1,"106":3,"108":0,"111":0,"112":0,"115":0,"116":0,"117":0,"118":0,"119":0,"121":0,"122":0,"128":0,"129":0,"131":0,"141":1,"142":0,"144":0,"145":0,"146":0,"149":0,"151":1}},
"/Users/creativecode/Projekte/@fabalous/fabalous-runtime-web/src/event/LoadModuleEvent.ts":{"path":"/Users/creativecode/Projekte/@fabalous/fabalous-runtime-web/src/event/LoadModuleEvent.ts","statementMap":{"1":{"start":{"line":1,"column":0},"end":{"line":1,"column":48}},"2":{"start":{"line":3,"column":0},"end":{"line":3,"column":54}},"3":{"start":{"line":3,"column":45},"end":{"line":3,"column":54}},"4":{"start":{"line":8,"column":8},"end":{"line":8,"column":32}},"5":{"start":{"line":10,"column":8},"end":{"line":10,"column":31}},"6":{"start":{"line":11,"column":8},"end":{"line":11,"column":25}},"7":{"start":{"line":13,"column":0},"end":{"line":13,"column":1}}},"fnMap":{"1":{"name":"(anonymous_0)","line":3,"loc":{"start":{"line":3,"column":0},"end":{"line":3,"column":-1}}},"2":{"name":"LoadModuleEvent","line":7,"loc":{"start":{"line":7,"column":50},"end":{"line":12,"column":5}}}},"branchMap":{"1":{"line":8,"type":"binary-expr","locations":[{"start":{"line":8,"column":8},"end":{"line":8,"column":32}},{"start":{"line":8,"column":32},"end":{"line":12,"column":4}}]}},"s":{"1":1,"2":1,"3":1,"4":0,"5":0,"6":0,"7":1},"b":{"1":[0,0]},"f":{"1":1,"2":0},"code":["import FabaEvent from \"@fabalous/core/FabaEvent\";","","export default class LoadModuleEvent extends FabaEvent {","    loadfun:any;","    args:any;","","    constructor(loadfun: any, args?: Array<string>) {","        super(\"LoadModuleEvent\");","","        this.loadfun = loadfun;","        this.args = args;","    }","}"],"l":{"1":1,"3":1,"8":0,"10":0,"11":0,"13":1}},
"/Users/creativecode/Projekte/@fabalous/fabalous-runtime-web/src/FabaRuntimeWebMediator.ts":{"path":"/Users/creativecode/Projekte/@fabalous/fabalous-runtime-web/src/FabaRuntimeWebMediator.ts","statementMap":{"1":{"start":{"line":2,"column":0},"end":{"line":2,"column":65}},"2":{"start":{"line":3,"column":0},"end":{"line":3,"column":55}},"3":{"start":{"line":4,"column":0},"end":{"line":4,"column":51}},"4":{"start":{"line":5,"column":0},"end":{"line":5,"column":55}},"5":{"start":{"line":6,"column":0},"end":{"line":6,"column":76}},"6":{"start":{"line":7,"column":0},"end":{"line":7,"column":71}},"7":{"start":{"line":8,"column":0},"end":{"line":8,"column":61}},"8":{"start":{"line":9,"column":0},"end":{"line":9,"column":57}},"9":{"start":{"line":10,"column":0},"end":{"line":10,"column":61}},"10":{"start":{"line":11,"column":0},"end":{"line":11,"column":61}},"11":{"start":{"line":12,"column":0},"end":{"line":12,"column":49}},"12":{"start":{"line":19,"column":0},"end":{"line":19,"column":67}},"13":{"start":{"line":19,"column":52},"end":{"line":19,"column":67}},"14":{"start":{"line":29,"column":4},"end":{"line":35,"column":5}},"15":{"start":{"line":30,"column":8},"end":{"line":30,"column":72}},"16":{"start":{"line":31,"column":8},"end":{"line":31,"column":62}},"17":{"start":{"line":32,"column":8},"end":{"line":32,"column":58}},"18":{"start":{"line":33,"column":8},"end":{"line":33,"column":62}},"19":{"start":{"line":34,"column":8},"end":{"line":34,"column":66}},"20":{"start":{"line":36,"column":0},"end":{"line":36,"column":1}}},"fnMap":{"1":{"name":"(anonymous_0)","line":19,"loc":{"start":{"line":19,"column":0},"end":{"line":19,"column":-1}}},"2":{"name":"FabaRuntimeWebMediator","line":19,"loc":{"start":{"line":19,"column":0},"end":{"line":36,"column":1}}},"3":{"name":"(anonymous_2)","line":29,"loc":{"start":{"line":29,"column":4},"end":{"line":35,"column":5}}}},"branchMap":{},"s":{"1":1,"2":1,"3":1,"4":1,"5":1,"6":1,"7":1,"8":1,"9":1,"10":1,"11":1,"12":1,"13":1,"14":1,"15":1,"16":1,"17":1,"18":1,"19":1,"20":1},"b":{},"f":{"1":1,"2":2,"3":1},"code":["import {IFabaCoreMediator} from \"@fabalous/core/FabaCoreMediator\";","import ChangeMediaQueryEvent from \"./event/ChangeMediaQueryEvent\";","import ChangeRouteEvent from \"./event/ChangeRouteEvent\";","import ChangeUrlEvent from \"./event/ChangeUrlEvent\";","import RenderToDOMEvent from \"./event/RenderToDOMEvent\";","import FabaStoreUpdateEvent from \"@fabalous/core/event/FabaStoreUpdateEvent\";","import ChangeMediaQueryCommand from \"./command/ChangeMediaQueryCommand\";","import ChangeRouteCommand from \"./command/ChangeRouteCommand\";","import ChangeUrlCommand from \"./command/ChangeUrlCommand\";","import RenderToDOMCommand from \"./command/RenderToDOMCommand\";","import StoreUpdateCommand from \"./command/StoreUpdateCommand\";","import {FabaWebMediator} from \"./FabaWebMediator\";","","/**"," * FabaRuntimeWebMediator which link usefull methods"," *"," */","","export default class FabaRuntimeWebMediator extends FabaWebMediator implements IFabaCoreMediator{","","    /**","     * Links the Event and Commands","     * ChangeMediaQueryEvent (Event fires in Browserresizte)","     * ChangeRouteEvent (Event fires on route change)","     * ChangeUrlEvent (Event fires on url change)","     * RenderToDOMEvent (Render element to DOM)","     * FabaStoreUpdateEvent (Event fires on StoreUpdate)","     */","    registerCommands(): void {","        this.addCommand(ChangeMediaQueryEvent, ChangeMediaQueryCommand);","        this.addCommand(ChangeRouteEvent, ChangeRouteCommand);","        this.addCommand(ChangeUrlEvent, ChangeUrlCommand);","        this.addCommand(RenderToDOMEvent, RenderToDOMCommand);","        this.addCommand(FabaStoreUpdateEvent, StoreUpdateCommand);","    }","}"],"l":{"2":1,"3":1,"4":1,"5":1,"6":1,"7":1,"8":1,"9":1,"10":1,"11":1,"12":1,"19":1,"29":1,"30":1,"31":1,"32":1,"33":1,"34":1,"36":1}},
"/Users/creativecode/Projekte/@fabalous/fabalous-runtime-web/src/event/ChangeMediaQueryEvent.ts":{"path":"/Users/creativecode/Projekte/@fabalous/fabalous-runtime-web/src/event/ChangeMediaQueryEvent.ts","statementMap":{"1":{"start":{"line":1,"column":0},"end":{"line":1,"column":48}},"2":{"start":{"line":3,"column":0},"end":{"line":3,"column":60}},"3":{"start":{"line":3,"column":51},"end":{"line":3,"column":60}},"4":{"start":{"line":8,"column":8},"end":{"line":8,"column":38}},"5":{"start":{"line":10,"column":8},"end":{"line":10,"column":35}},"6":{"start":{"line":11,"column":8},"end":{"line":11,"column":29}},"7":{"start":{"line":13,"column":0},"end":{"line":13,"column":1}}},"fnMap":{"1":{"name":"(anonymous_0)","line":3,"loc":{"start":{"line":3,"column":0},"end":{"line":3,"column":-1}}},"2":{"name":"ChangeMediaQueryEvent","line":7,"loc":{"start":{"line":7,"column":51},"end":{"line":12,"column":5}}}},"branchMap":{"1":{"line":8,"type":"binary-expr","locations":[{"start":{"line":8,"column":8},"end":{"line":8,"column":38}},{"start":{"line":8,"column":38},"end":{"line":12,"column":4}}]}},"s":{"1":1,"2":1,"3":1,"4":1,"5":1,"6":1,"7":1},"b":{"1":[1,1]},"f":{"1":1,"2":1},"code":["import FabaEvent from \"@fabalous/core/FabaEvent\";","","export default class ChangeMediaQueryEvent extends FabaEvent {","    landscape: boolean;","    mobile: boolean;","","    constructor(landscape: boolean, mobile: boolean) {","        super(\"ChangeMediaQueryEvent\");","","        this.landscape = landscape;","        this.mobile = mobile;","    }","}"],"l":{"1":1,"3":1,"8":1,"10":1,"11":1,"13":1}},
"/Users/creativecode/Projekte/@fabalous/fabalous-runtime-web/src/event/ChangeRouteEvent.ts":{"path":"/Users/creativecode/Projekte/@fabalous/fabalous-runtime-web/src/event/ChangeRouteEvent.ts","statementMap":{"1":{"start":{"line":1,"column":0},"end":{"line":1,"column":48}},"2":{"start":{"line":3,"column":0},"end":{"line":3,"column":55}},"3":{"start":{"line":3,"column":46},"end":{"line":3,"column":55}},"4":{"start":{"line":7,"column":0},"end":{"line":7,"column":1}}},"fnMap":{"1":{"name":"(anonymous_0)","line":3,"loc":{"start":{"line":3,"column":0},"end":{"line":3,"column":-1}}},"2":{"name":"ChangeRouteEvent","line":4,"loc":{"start":{"line":4,"column":4},"end":{"line":6,"column":5}}}},"branchMap":{"1":{"line":5,"type":"binary-expr","locations":[{"start":{"line":5,"column":8},"end":{"line":5,"column":33}},{"start":{"line":5,"column":33},"end":{"line":null,"column":-1}}]}},"s":{"1":1,"2":1,"3":1,"4":1},"b":{"1":[1,1]},"f":{"1":1,"2":1},"code":["import FabaEvent from \"@fabalous/core/FabaEvent\";","","export default class ChangeRouteEvent extends FabaEvent {","    constructor() {","        super(\"ChangeRouteEvent\");","    }","}"],"l":{"1":1,"3":1,"7":1}},
"/Users/creativecode/Projekte/@fabalous/fabalous-runtime-web/src/event/ChangeUrlEvent.ts":{"path":"/Users/creativecode/Projekte/@fabalous/fabalous-runtime-web/src/event/ChangeUrlEvent.ts","statementMap":{"1":{"start":{"line":1,"column":0},"end":{"line":1,"column":48}},"2":{"start":{"line":3,"column":0},"end":{"line":3,"column":53}},"3":{"start":{"line":3,"column":44},"end":{"line":3,"column":53}},"4":{"start":{"line":7,"column":0},"end":{"line":7,"column":1}}},"fnMap":{"1":{"name":"(anonymous_0)","line":3,"loc":{"start":{"line":3,"column":0},"end":{"line":3,"column":-1}}},"2":{"name":"ChangeUrlEvent","line":4,"loc":{"start":{"line":4,"column":4},"end":{"line":6,"column":5}}}},"branchMap":{"1":{"line":5,"type":"binary-expr","locations":[{"start":{"line":5,"column":8},"end":{"line":5,"column":31}},{"start":{"line":5,"column":31},"end":{"line":null,"column":-1}}]}},"s":{"1":1,"2":1,"3":1,"4":1},"b":{"1":[1,1]},"f":{"1":1,"2":1},"code":["import FabaEvent from \"@fabalous/core/FabaEvent\";","","export default class ChangeUrlEvent extends FabaEvent {","    constructor() {","        super(\"ChangeUrlEvent\");","    }","}"],"l":{"1":1,"3":1,"7":1}},
"/Users/creativecode/Projekte/@fabalous/fabalous-runtime-web/src/event/RenderToDOMEvent.ts":{"path":"/Users/creativecode/Projekte/@fabalous/fabalous-runtime-web/src/event/RenderToDOMEvent.ts","statementMap":{"1":{"start":{"line":1,"column":0},"end":{"line":1,"column":48}},"2":{"start":{"line":3,"column":0},"end":{"line":3,"column":55}},"3":{"start":{"line":3,"column":46},"end":{"line":3,"column":55}},"4":{"start":{"line":9,"column":8},"end":{"line":9,"column":33}},"5":{"start":{"line":11,"column":8},"end":{"line":11,"column":43}},"6":{"start":{"line":12,"column":8},"end":{"line":12,"column":43}},"7":{"start":{"line":13,"column":8},"end":{"line":13,"column":27}},"8":{"start":{"line":15,"column":0},"end":{"line":15,"column":1}}},"fnMap":{"1":{"name":"(anonymous_0)","line":3,"loc":{"start":{"line":3,"column":0},"end":{"line":3,"column":-1}}},"2":{"name":"RenderToDOMEvent","line":8,"loc":{"start":{"line":8,"column":67},"end":{"line":14,"column":5}}}},"branchMap":{"1":{"line":9,"type":"binary-expr","locations":[{"start":{"line":9,"column":8},"end":{"line":9,"column":33}},{"start":{"line":9,"column":33},"end":{"line":14,"column":4}}]}},"s":{"1":1,"2":1,"3":1,"4":1,"5":1,"6":1,"7":1,"8":1},"b":{"1":[1,1]},"f":{"1":1,"2":1},"code":["import FabaEvent from \"@fabalous/core/FabaEvent\";","","export default class RenderToDOMEvent extends FabaEvent {","    rootComponent:any;","    htmlContainer:string;","    child:any;","","    constructor(rootComponent:any, htmlContainer:string, child?:any) {","        super(\"RenderToDOMEvent\");","","        this.rootComponent = rootComponent;","        this.htmlContainer = htmlContainer;","        this.child = child;","    }","}"],"l":{"1":1,"3":1,"9":1,"11":1,"12":1,"13":1,"15":1}},
"/Users/creativecode/Projekte/@fabalous/fabalous-runtime-web/src/command/ChangeMediaQueryCommand.ts":{"path":"/Users/creativecode/Projekte/@fabalous/fabalous-runtime-web/src/command/ChangeMediaQueryCommand.ts","statementMap":{"1":{"start":{"line":2,"column":0},"end":{"line":2,"column":48}},"2":{"start":{"line":4,"column":0},"end":{"line":4,"column":67}},"3":{"start":{"line":4,"column":53},"end":{"line":4,"column":72}},"4":{"start":{"line":5,"column":4},"end":{"line":8,"column":5}},"5":{"start":{"line":6,"column":8},"end":{"line":6,"column":59}},"6":{"start":{"line":7,"column":8},"end":{"line":7,"column":53}},"7":{"start":{"line":9,"column":0},"end":{"line":9,"column":1}}},"fnMap":{"1":{"name":"(anonymous_0)","line":4,"loc":{"start":{"line":4,"column":0},"end":{"line":4,"column":-1}}},"2":{"name":"ChangeMediaQueryCommand","line":4,"loc":{"start":{"line":4,"column":0},"end":{"line":9,"column":1}}},"3":{"name":"(anonymous_2)","line":5,"loc":{"start":{"line":5,"column":40},"end":{"line":8,"column":5}}}},"branchMap":{},"s":{"1":1,"2":1,"3":1,"4":1,"5":0,"6":0,"7":1},"b":{},"f":{"1":1,"2":0,"3":0},"code":["import ChangeMediaQueryEvent from \"../event/ChangeMediaQueryEvent\";","import {FabaWebCommand} from \"../FabaWebCommand\";","","export default class ChangeMediaQueryCommand extends FabaWebCommand<any> {","    execute(event: ChangeMediaQueryEvent) {","        this.setStore(\"layout.landscape\", event.landscape);","        this.setStore(\"layout.mobile\", event.mobile);","    }","}"],"l":{"2":1,"4":1,"5":1,"6":0,"7":0,"9":1}},
"/Users/creativecode/Projekte/@fabalous/fabalous-runtime-web/src/FabaWebCommand.ts":{"path":"/Users/creativecode/Projekte/@fabalous/fabalous-runtime-web/src/FabaWebCommand.ts","statementMap":{"1":{"start":{"line":1,"column":0},"end":{"line":1,"column":60}},"2":{"start":{"line":9,"column":0},"end":{"line":9,"column":59}},"3":{"start":{"line":9,"column":44},"end":{"line":9,"column":67}},"4":{"start":{"line":17,"column":8},"end":{"line":17,"column":20}},"5":{"start":{"line":18,"column":8},"end":{"line":18,"column":29}},"6":{"start":{"line":26,"column":4},"end":{"line":28,"column":5}},"7":{"start":{"line":27,"column":8},"end":{"line":27,"column":37}},"8":{"start":{"line":34,"column":4},"end":{"line":36,"column":5}},"9":{"start":{"line":35,"column":8},"end":{"line":35,"column":33}},"10":{"start":{"line":42,"column":4},"end":{"line":44,"column":5}},"11":{"start":{"line":51,"column":4},"end":{"line":58,"column":5}},"12":{"start":{"line":52,"column":23},"end":{"line":52,"column":32}},"13":{"start":{"line":53,"column":8},"end":{"line":53,"column":47}},"14":{"start":{"line":55,"column":8},"end":{"line":57,"column":11}},"15":{"start":{"line":56,"column":12},"end":{"line":56,"column":31}},"16":{"start":{"line":59,"column":0},"end":{"line":59,"column":1}},"17":{"start":{"line":9,"column":13},"end":{"line":9,"column":27}}},"fnMap":{"1":{"name":"(anonymous_0)","line":9,"loc":{"start":{"line":9,"column":0},"end":{"line":9,"column":-1}}},"2":{"name":"FabaWebCommand","line":16,"loc":{"start":{"line":16,"column":48},"end":{"line":19,"column":5}}},"3":{"name":"(anonymous_2)","line":26,"loc":{"start":{"line":26,"column":34},"end":{"line":28,"column":5}}},"4":{"name":"(anonymous_3)","line":34,"loc":{"start":{"line":34,"column":4},"end":{"line":36,"column":5}}},"5":{"name":"(anonymous_4)","line":42,"loc":{"start":{"line":42,"column":34},"end":{"line":44,"column":5}}},"6":{"name":"(anonymous_5)","line":51,"loc":{"start":{"line":51,"column":24},"end":{"line":58,"column":5}}},"7":{"name":"(anonymous_6)","line":55,"loc":{"start":{"line":55,"column":58},"end":{"line":57,"column":9}}}},"branchMap":{"1":{"line":17,"type":"binary-expr","locations":[{"start":{"line":17,"column":8},"end":{"line":17,"column":20}},{"start":{"line":17,"column":20},"end":{"line":19,"column":4}}]}},"s":{"1":1,"2":1,"3":1,"4":3,"5":3,"6":1,"7":2,"8":1,"9":0,"10":1,"11":1,"12":0,"13":0,"14":0,"15":0,"16":1,"17":1},"b":{"1":[3,3]},"f":{"1":1,"2":3,"3":2,"4":0,"5":0,"6":0,"7":0},"code":["import FabaCoreCommand from \"@fabalous/core/FabaCoreCommand\";","import FabaEvent from \"@fabalous/core/FabaEvent\";","import FabaImmutableStore from \"@fabalous/core/store/FabaImmutableStore\";","","/**"," *"," */","","export class FabaWebCommand<TStore> extends FabaCoreCommand<TStore>{","    private imstore:FabaImmutableStore<TStore>;","","    /**","     *","     * @param store","     */","    constructor(store:FabaImmutableStore<TStore>){","        super(store);","        this.imstore = store;","    }","","    /**","     *","     * @param path","     * @param data","     */","    setStore(path:string, data:any){","        this.imstore.set(path, data);","    }","","    /**","     *","     * @returns {TStore}","     */","    get data():TStore{","        return this.imstore.data;","    }","","    /**","     *","     * @param event","     */","    sendToEndpoint(event:FabaEvent){","","    }","","    /**","     *","     * @param mod","     * @param ev","     */","    createWorker(mod, ev){","        const worker = new mod();","        worker.postMessage(JSON.stringify(ev));","","        worker.addEventListener(\"message\", function (event) {","            console.log(event);","        });","    }","}"],"l":{"1":1,"9":1,"17":3,"18":3,"26":1,"27":2,"34":1,"35":0,"42":1,"51":1,"52":0,"53":0,"55":0,"56":0,"59":1}},
"/Users/creativecode/Projekte/@fabalous/fabalous-runtime-web/src/command/ChangeRouteCommand.ts":{"path":"/Users/creativecode/Projekte/@fabalous/fabalous-runtime-web/src/command/ChangeRouteCommand.ts","statementMap":{"1":{"start":{"line":2,"column":0},"end":{"line":2,"column":48}},"2":{"start":{"line":4,"column":0},"end":{"line":4,"column":62}},"3":{"start":{"line":4,"column":48},"end":{"line":4,"column":67}},"4":{"start":{"line":5,"column":4},"end":{"line":7,"column":5}},"5":{"start":{"line":8,"column":0},"end":{"line":8,"column":1}}},"fnMap":{"1":{"name":"(anonymous_0)","line":4,"loc":{"start":{"line":4,"column":0},"end":{"line":4,"column":-1}}},"2":{"name":"ChangeRouteCommand","line":4,"loc":{"start":{"line":4,"column":0},"end":{"line":8,"column":1}}},"3":{"name":"(anonymous_2)","line":5,"loc":{"start":{"line":5,"column":35},"end":{"line":7,"column":5}}}},"branchMap":{},"s":{"1":1,"2":1,"3":1,"4":1,"5":1},"b":{},"f":{"1":1,"2":0,"3":0},"code":["import ChangeRouteEvent from \"../event/ChangeRouteEvent\";","import {FabaWebCommand} from \"../FabaWebCommand\";","","export default class ChangeRouteCommand extends FabaWebCommand<any> {","    execute(event: ChangeRouteEvent) {","        //this.store.set(\"route\", event.route);","    }","}"],"l":{"2":1,"4":1,"5":1,"8":1}},
"/Users/creativecode/Projekte/@fabalous/fabalous-runtime-web/src/command/ChangeUrlCommand.ts":{"path":"/Users/creativecode/Projekte/@fabalous/fabalous-runtime-web/src/command/ChangeUrlCommand.ts","statementMap":{"1":{"start":{"line":2,"column":0},"end":{"line":2,"column":48}},"2":{"start":{"line":4,"column":0},"end":{"line":4,"column":60}},"3":{"start":{"line":4,"column":46},"end":{"line":4,"column":65}},"4":{"start":{"line":5,"column":4},"end":{"line":7,"column":5}},"5":{"start":{"line":8,"column":0},"end":{"line":8,"column":1}}},"fnMap":{"1":{"name":"(anonymous_0)","line":4,"loc":{"start":{"line":4,"column":0},"end":{"line":4,"column":-1}}},"2":{"name":"ChangeUrlCommand","line":4,"loc":{"start":{"line":4,"column":0},"end":{"line":8,"column":1}}},"3":{"name":"(anonymous_2)","line":5,"loc":{"start":{"line":5,"column":33},"end":{"line":7,"column":5}}}},"branchMap":{},"s":{"1":1,"2":1,"3":1,"4":1,"5":1},"b":{},"f":{"1":1,"2":0,"3":0},"code":["import ChangeUrlEvent from \"../event/ChangeUrlEvent\";","import {FabaWebCommand} from \"../FabaWebCommand\";","","export default class ChangeUrlCommand extends FabaWebCommand<any> {","    execute(event: ChangeUrlEvent) {","","    }","}"],"l":{"2":1,"4":1,"5":1,"8":1}},
"/Users/creativecode/Projekte/@fabalous/fabalous-runtime-web/src/command/RenderToDOMCommand.ts":{"path":"/Users/creativecode/Projekte/@fabalous/fabalous-runtime-web/src/command/RenderToDOMCommand.ts","statementMap":{"1":{"start":{"line":1,"column":0},"end":{"line":1,"column":30}},"2":{"start":{"line":2,"column":0},"end":{"line":2,"column":37}},"3":{"start":{"line":5,"column":0},"end":{"line":5,"column":48}},"4":{"start":{"line":7,"column":0},"end":{"line":7,"column":62}},"5":{"start":{"line":7,"column":48},"end":{"line":7,"column":67}},"6":{"start":{"line":8,"column":4},"end":{"line":13,"column":5}},"7":{"start":{"line":9,"column":8},"end":{"line":9,"column":33}},"8":{"start":{"line":9,"column":26},"end":{"line":9,"column":33}},"9":{"start":{"line":11,"column":23},"end":{"line":11,"column":104}},"10":{"start":{"line":12,"column":8},"end":{"line":12,"column":78}},"11":{"start":{"line":14,"column":0},"end":{"line":14,"column":1}}},"fnMap":{"1":{"name":"(anonymous_0)","line":7,"loc":{"start":{"line":7,"column":0},"end":{"line":7,"column":-1}}},"2":{"name":"RenderToDOMCommand","line":7,"loc":{"start":{"line":7,"column":0},"end":{"line":14,"column":1}}},"3":{"name":"(anonymous_2)","line":8,"loc":{"start":{"line":8,"column":35},"end":{"line":13,"column":5}}}},"branchMap":{"1":{"line":9,"type":"if","locations":[{"start":{"line":9,"column":8},"end":{"line":9,"column":33}},{"start":{"line":9,"column":8},"end":{"line":9,"column":33}}]}},"s":{"1":1,"2":1,"3":1,"4":1,"5":1,"6":1,"7":0,"8":0,"9":0,"10":0,"11":1},"b":{"1":[0,0]},"f":{"1":1,"2":0,"3":0},"code":["import * as React from \"react\";","import * as ReactDOM from \"react-dom\";","","import RenderToDOMEvent from \"../event/RenderToDOMEvent\";","import {FabaWebCommand} from \"../FabaWebCommand\";","","export default class RenderToDOMCommand extends FabaWebCommand<any> {","    execute(event: RenderToDOMEvent) {","        if (!event.child) return;","","        const layout = React.createElement(event.rootComponent, {childs: event.child, model: this.data});","        ReactDOM.render(layout, document.getElementById(event.htmlContainer));","    }","}"],"l":{"1":1,"2":1,"5":1,"7":1,"8":1,"9":0,"11":0,"12":0,"14":1}},
"/Users/creativecode/Projekte/@fabalous/fabalous-runtime-web/src/command/StoreUpdateCommand.ts":{"path":"/Users/creativecode/Projekte/@fabalous/fabalous-runtime-web/src/command/StoreUpdateCommand.ts","statementMap":{"1":{"start":{"line":2,"column":0},"end":{"line":2,"column":46}},"2":{"start":{"line":3,"column":0},"end":{"line":3,"column":56}},"3":{"start":{"line":4,"column":0},"end":{"line":4,"column":48}},"4":{"start":{"line":6,"column":0},"end":{"line":6,"column":62}},"5":{"start":{"line":6,"column":48},"end":{"line":6,"column":67}},"6":{"start":{"line":7,"column":10},"end":{"line":10,"column":5}},"7":{"start":{"line":8,"column":16},"end":{"line":8,"column":59}},"8":{"start":{"line":9,"column":8},"end":{"line":9,"column":91}},"9":{"start":{"line":11,"column":0},"end":{"line":11,"column":1}}},"fnMap":{"1":{"name":"(anonymous_0)","line":6,"loc":{"start":{"line":6,"column":0},"end":{"line":6,"column":-1}}},"2":{"name":"StoreUpdateCommand","line":6,"loc":{"start":{"line":6,"column":0},"end":{"line":11,"column":1}}},"3":{"name":"(anonymous_2)","line":7,"loc":{"start":{"line":7,"column":45},"end":{"line":10,"column":5}}}},"branchMap":{},"s":{"1":1,"2":1,"3":1,"4":1,"5":1,"6":1,"7":1,"8":0,"9":1},"b":{},"f":{"1":1,"2":1,"3":1},"code":["import FabaStoreUpdateEvent from \"@fabalous/core/event/FabaStoreUpdateEvent\";","import FabaRuntimeWeb from \"../FabaRuntimeWeb\";","import RenderToDOMEvent from \"../event/RenderToDOMEvent\";","import {FabaWebCommand} from \"../FabaWebCommand\";","","export default class StoreUpdateCommand extends FabaWebCommand<any> {","    async execute(event: FabaStoreUpdateEvent) {","        let k = await FabaRuntimeWeb.activeEvent.dispatch();","        new RenderToDOMEvent(FabaRuntimeWeb.rootComponent, \"container\", k.view).dispatch();","    }","}"],"l":{"2":1,"3":1,"4":1,"6":1,"7":1,"8":1,"9":0,"11":1}},
"/Users/creativecode/Projekte/@fabalous/fabalous-runtime-web/src/FabaWebMediator.ts":{"path":"/Users/creativecode/Projekte/@fabalous/fabalous-runtime-web/src/FabaWebMediator.ts","statementMap":{"1":{"start":{"line":1,"column":0},"end":{"line":1,"column":62}},"2":{"start":{"line":7,"column":0},"end":{"line":7,"column":53}},"3":{"start":{"line":7,"column":37},"end":{"line":7,"column":53}},"4":{"start":{"line":13,"column":4},"end":{"line":15,"column":5}},"5":{"start":{"line":14,"column":8},"end":{"line":14,"column":41}},"6":{"start":{"line":16,"column":0},"end":{"line":16,"column":1}},"7":{"start":{"line":7,"column":13},"end":{"line":7,"column":28}}},"fnMap":{"1":{"name":"(anonymous_0)","line":7,"loc":{"start":{"line":7,"column":0},"end":{"line":7,"column":-1}}},"2":{"name":"FabaWebMediator","line":7,"loc":{"start":{"line":7,"column":0},"end":{"line":16,"column":1}}},"3":{"name":"(anonymous_2)","line":13,"loc":{"start":{"line":13,"column":29},"end":{"line":15,"column":5}}}},"branchMap":{},"s":{"1":1,"2":1,"3":1,"4":1,"5":7,"6":1,"7":1},"b":{},"f":{"1":1,"2":2,"3":7},"code":["import FabaCoreMediator from \"@fabalous/core/FabaCoreMediator\";","import FabaEvent from \"@fabalous/core/FabaEvent\";","import {FabaWebCommand} from \"./FabaWebCommand\";","/**"," * Created by creativecode on 02.01.17."," */","export class FabaWebMediator extends FabaCoreMediator{","    /**","     *","     * @param event","     * @param command","     */","    addCommand(event, command): void {","        super.addCommand(event, command);","    }","}"],"l":{"1":1,"7":1,"13":1,"14":7,"16":1}},
"/Users/creativecode/Projekte/@fabalous/fabalous-runtime-web/src/command/LoadModuleCommand.ts":{"path":"/Users/creativecode/Projekte/@fabalous/fabalous-runtime-web/src/command/LoadModuleCommand.ts","statementMap":{"1":{"start":{"line":2,"column":0},"end":{"line":2,"column":46}},"2":{"start":{"line":3,"column":0},"end":{"line":3,"column":56}},"3":{"start":{"line":4,"column":0},"end":{"line":4,"column":46}},"4":{"start":{"line":5,"column":0},"end":{"line":5,"column":48}},"5":{"start":{"line":7,"column":0},"end":{"line":7,"column":61}},"6":{"start":{"line":7,"column":47},"end":{"line":7,"column":66}},"7":{"start":{"line":8,"column":10},"end":{"line":30,"column":5}},"8":{"start":{"line":9,"column":8},"end":{"line":9,"column":35}},"9":{"start":{"line":9,"column":28},"end":{"line":9,"column":35}},"10":{"start":{"line":11,"column":8},"end":{"line":11,"column":52}},"11":{"start":{"line":12,"column":8},"end":{"line":12,"column":47}},"12":{"start":{"line":14,"column":19},"end":{"line":14,"column":40}},"13":{"start":{"line":15,"column":8},"end":{"line":15,"column":28}},"14":{"start":{"line":17,"column":8},"end":{"line":20,"column":9}},"15":{"start":{"line":18,"column":12},"end":{"line":18,"column":73}},"16":{"start":{"line":19,"column":12},"end":{"line":19,"column":19}},"17":{"start":{"line":22,"column":8},"end":{"line":22,"column":44}},"18":{"start":{"line":25,"column":8},"end":{"line":25,"column":28}},"19":{"start":{"line":27,"column":8},"end":{"line":27,"column":39}},"20":{"start":{"line":28,"column":16},"end":{"line":28,"column":34}},"21":{"start":{"line":29,"column":8},"end":{"line":29,"column":91}},"22":{"start":{"line":31,"column":0},"end":{"line":31,"column":1}}},"fnMap":{"1":{"name":"(anonymous_0)","line":7,"loc":{"start":{"line":7,"column":0},"end":{"line":7,"column":-1}}},"2":{"name":"LoadModuleCommand","line":7,"loc":{"start":{"line":7,"column":0},"end":{"line":31,"column":1}}},"3":{"name":"(anonymous_2)","line":8,"loc":{"start":{"line":8,"column":40},"end":{"line":30,"column":5}}}},"branchMap":{"1":{"line":9,"type":"if","locations":[{"start":{"line":9,"column":8},"end":{"line":9,"column":35}},{"start":{"line":9,"column":8},"end":{"line":9,"column":35}}]},"2":{"line":17,"type":"if","locations":[{"start":{"line":17,"column":8},"end":{"line":20,"column":9}},{"start":{"line":17,"column":8},"end":{"line":20,"column":9}}]}},"s":{"1":0,"2":0,"3":0,"4":0,"5":0,"6":0,"7":0,"8":0,"9":0,"10":0,"11":0,"12":0,"13":0,"14":0,"15":0,"16":0,"17":0,"18":0,"19":0,"20":0,"21":0,"22":0},"b":{"1":[0,0],"2":[0,0]},"f":{"1":0,"2":0,"3":0},"code":"import LoadModuleEvent from \"../event/LoadModuleEvent\";\nimport FabaRuntimeWeb from \"../FabaRuntimeWeb\";\nimport RenderToDOMEvent from \"../event/RenderToDOMEvent\";\nimport FabaCore from \"@fabalous/core/FabaCore\";\nimport {FabaWebCommand} from \"../FabaWebCommand\";\n\nexport default class LoadModuleCommand extends FabaWebCommand<any> {\n    async execute(event: LoadModuleEvent) {\n        if (!event.loadfun) return;\n\n        FabaRuntimeWeb.activeModule = event.loadfun;\n        FabaRuntimeWeb.activeArgs = event.args;\n\n        let comp = await event.loadfun();\n        comp = comp.default;\n\n        if (!comp){\n            console.error(\"Module not Found\", event.args, event.loadfun);\n            return;\n        }\n\n        FabaCore.addMediator(comp.mediator);\n\n        let t: any = new comp.initEvent;\n        t.args = event.args;\n\n        FabaRuntimeWeb.activeEvent = t;\n        let k = await t.dispatch();\n        new RenderToDOMEvent(FabaRuntimeWeb.rootComponent, \"container\", k.view).dispatch();\n    }\n}","l":{"2":0,"3":0,"4":0,"5":0,"7":0,"8":0,"9":0,"11":0,"12":0,"14":0,"15":0,"17":0,"18":0,"19":0,"22":0,"25":0,"27":0,"28":0,"29":0,"31":0}},
"/Users/creativecode/Projekte/@fabalous/fabalous-runtime-web/src/initModule/index.ts":{"path":"/Users/creativecode/Projekte/@fabalous/fabalous-runtime-web/src/initModule/index.ts","statementMap":{"1":{"start":{"line":1,"column":0},"end":{"line":1,"column":48}},"2":{"start":{"line":2,"column":0},"end":{"line":2,"column":48}},"3":{"start":{"line":3,"column":0},"end":{"line":3,"column":50}},"4":{"start":{"line":4,"column":0},"end":{"line":4,"column":45}},"5":{"start":{"line":6,"column":0},"end":{"line":6,"column":30}},"6":{"start":{"line":8,"column":0},"end":{"line":8,"column":48}},"7":{"start":{"line":8,"column":33},"end":{"line":8,"column":48}},"8":{"start":{"line":12,"column":4},"end":{"line":14,"column":5}},"9":{"start":{"line":13,"column":8},"end":{"line":13,"column":60}},"10":{"start":{"line":15,"column":0},"end":{"line":15,"column":1}},"11":{"start":{"line":17,"column":0},"end":{"line":17,"column":39}},"12":{"start":{"line":17,"column":30},"end":{"line":17,"column":39}},"13":{"start":{"line":26,"column":0},"end":{"line":26,"column":1}},"14":{"start":{"line":28,"column":0},"end":{"line":28,"column":46}},"15":{"start":{"line":28,"column":32},"end":{"line":28,"column":50}},"16":{"start":{"line":33,"column":4},"end":{"line":36,"column":5}},"17":{"start":{"line":34,"column":8},"end":{"line":34,"column":61}},"18":{"start":{"line":35,"column":8},"end":{"line":35,"column":23}},"19":{"start":{"line":37,"column":0},"end":{"line":37,"column":1}},"20":{"start":{"line":38,"column":16},"end":{"line":41,"column":1}},"21":{"start":{"line":43,"column":0},"end":{"line":43,"column":19}}},"fnMap":{"1":{"name":"(anonymous_0)","line":8,"loc":{"start":{"line":8,"column":0},"end":{"line":8,"column":-1}}},"2":{"name":"InitModuleMediator","line":8,"loc":{"start":{"line":8,"column":0},"end":{"line":15,"column":1}}},"3":{"name":"(anonymous_2)","line":12,"loc":{"start":{"line":12,"column":4},"end":{"line":14,"column":5}}},"4":{"name":"(anonymous_3)","line":17,"loc":{"start":{"line":17,"column":0},"end":{"line":17,"column":-1}}},"5":{"name":"InitModuleEvent","line":23,"loc":{"start":{"line":23,"column":4},"end":{"line":25,"column":5}}},"6":{"name":"(anonymous_5)","line":28,"loc":{"start":{"line":28,"column":0},"end":{"line":28,"column":-1}}},"7":{"name":"InitModuleCommand","line":28,"loc":{"start":{"line":28,"column":0},"end":{"line":37,"column":1}}},"8":{"name":"(anonymous_7)","line":33,"loc":{"start":{"line":33,"column":31},"end":{"line":36,"column":5}}}},"branchMap":{"1":{"line":24,"type":"binary-expr","locations":[{"start":{"line":24,"column":8},"end":{"line":24,"column":32}},{"start":{"line":24,"column":32},"end":{"line":null,"column":-1}}]}},"s":{"1":0,"2":0,"3":0,"4":0,"5":0,"6":0,"7":0,"8":0,"9":0,"10":0,"11":0,"12":0,"13":0,"14":0,"15":0,"16":0,"17":0,"18":0,"19":0,"20":0,"21":0},"b":{"1":[0,0]},"f":{"1":0,"2":0,"3":0,"4":0,"5":0,"6":0,"7":0,"8":0},"code":"import FabaEvent from \"@fabalous/core/FabaEvent\";\nimport {FabaWebCommand} from \"../FabaWebCommand\";\nimport {FabaWebMediator} from \"../FabaWebMediator\";\nimport InitModuleView from \"./InitModuleView\";\n\nimport * as React from \"react\";\n\nclass InitModuleMediator extends FabaWebMediator{\n    /**\n     *\n     */\n    registerCommands(){\n        super.addCommand(InitModuleEvent, InitModuleCommand)\n    }\n}\n\nclass InitModuleEvent extends FabaEvent{\n    view:any;\n\n    /**\n     *\n     */\n    constructor(){\n        super(\"InitModuleEvent\");\n    }\n}\n\nclass InitModuleCommand extends FabaWebCommand<{}>{\n    /**\n     *\n     * @param eve\n     */\n    execute(eve:InitModuleEvent){\n        eve.view = React.createElement(InitModuleView, null);\n        eve.callBack();\n    }\n}\nconst def:any = {\n    mediator: InitModuleMediator,\n    initEvent: InitModuleEvent,\n};\n\nexport default def;","l":{"1":0,"2":0,"3":0,"4":0,"6":0,"8":0,"12":0,"13":0,"15":0,"17":0,"26":0,"28":0,"33":0,"34":0,"35":0,"37":0,"38":0,"43":0}},
"/Users/creativecode/Projekte/@fabalous/fabalous-runtime-web/src/routes/IRoutes.ts":{"path":"/Users/creativecode/Projekte/@fabalous/fabalous-runtime-web/src/routes/IRoutes.ts","statementMap":{"1":{"start":{"line":1,"column":0},"end":{"line":null,"column":-1}}},"fnMap":{},"branchMap":{},"s":{"1":0},"b":{},"f":{},"code":"/**\n * Created by creativecode on 29.11.16.\n */\n\nexport interface IRoutes {\n    route: string;\n    module: any;\n    view?: string;\n}","l":{"1":0}},
"/Users/creativecode/Projekte/@fabalous/fabalous-runtime-web/src/routes/FabaWebRoutes.ts":{"path":"/Users/creativecode/Projekte/@fabalous/fabalous-runtime-web/src/routes/FabaWebRoutes.ts","statementMap":{"1":{"start":{"line":2,"column":0},"end":{"line":10,"column":0}},"2":{"start":{"line":7,"column":4},"end":{"line":9,"column":5}},"3":{"start":{"line":8,"column":8},"end":{"line":8,"column":37}},"4":{"start":{"line":10,"column":0},"end":{"line":10,"column":1}},"5":{"start":{"line":2,"column":13},"end":{"line":2,"column":26}}},"fnMap":{"1":{"name":"(anonymous_0)","line":2,"loc":{"start":{"line":2,"column":0},"end":{"line":2,"column":-1}}},"2":{"name":"FabaWebRoutes","line":2,"loc":{"start":{"line":2,"column":0},"end":{"line":10,"column":1}}},"3":{"name":"(anonymous_2)","line":7,"loc":{"start":{"line":7,"column":4},"end":{"line":9,"column":5}}}},"branchMap":{},"s":{"1":0,"2":0,"3":0,"4":0,"5":0},"b":{},"f":{"1":0,"2":0,"3":0},"code":"import {IRoutes} from \"./IRoutes\";\nexport class FabaWebRoutes{\n    /**\n     *\n     * @returns {[{route: string, module: {}}]}\n     */\n    getRoutes():Array<IRoutes>{\n        return [{route:\"\",module:{}}]\n    }\n}","l":{"2":0,"7":0,"8":0,"10":0}},
"/Users/creativecode/Projekte/@fabalous/fabalous-runtime-web/src/transport/FabaWebSocket.ts":{"path":"/Users/creativecode/Projekte/@fabalous/fabalous-runtime-web/src/transport/FabaWebSocket.ts","statementMap":{},"fnMap":{},"branchMap":{},"s":{},"b":{},"f":{},"code":"/**\n * Created by creativecode on 26.12.15.\n */\n","l":{}},
"/Users/creativecode/Projekte/@fabalous/fabalous-runtime-web/src/transport/FabaApiConnection.ts":{"path":"/Users/creativecode/Projekte/@fabalous/fabalous-runtime-web/src/transport/FabaApiConnection.ts","statementMap":{"1":{"start":{"line":1,"column":0},"end":{"line":1,"column":60}},"2":{"start":{"line":3,"column":0},"end":{"line":3,"column":82}},"3":{"start":{"line":5,"column":0},"end":{"line":5,"column":68}},"4":{"start":{"line":5,"column":47},"end":{"line":5,"column":68}},"5":{"start":{"line":21,"column":4},"end":{"line":21,"column":11}},"6":{"start":{"line":22,"column":4},"end":{"line":22,"column":19}},"7":{"start":{"line":23,"column":4},"end":{"line":23,"column":28}},"8":{"start":{"line":31,"column":10},"end":{"line":40,"column":3}},"9":{"start":{"line":32,"column":17},"end":{"line":32,"column":55}},"10":{"start":{"line":34,"column":28},"end":{"line":34,"column":48}},"11":{"start":{"line":35,"column":15},"end":{"line":35,"column":37}},"12":{"start":{"line":37,"column":16},"end":{"line":37,"column":35}},"13":{"start":{"line":39,"column":4},"end":{"line":39,"column":53}},"14":{"start":{"line":50,"column":9},"end":{"line":76,"column":3}},"15":{"start":{"line":50,"column":2},"end":{"line":76,"column":2}},"16":{"start":{"line":50,"column":31},"end":{"line":50,"column":56}},"17":{"start":{"line":50,"column":58},"end":{"line":50,"column":80}},"18":{"start":{"line":50,"column":82},"end":{"line":50,"column":105}},"19":{"start":{"line":53,"column":34},"end":{"line":53,"column":54}},"20":{"start":{"line":54,"column":4},"end":{"line":56,"column":14}},"21":{"start":{"line":55,"column":6},"end":{"line":55,"column":39}},"22":{"start":{"line":58,"column":4},"end":{"line":60,"column":14}},"23":{"start":{"line":59,"column":6},"end":{"line":59,"column":27}},"24":{"start":{"line":61,"column":4},"end":{"line":61,"column":42}},"25":{"start":{"line":63,"column":4},"end":{"line":63,"column":51}},"26":{"start":{"line":77,"column":0},"end":{"line":77,"column":1}}},"fnMap":{"1":{"name":"(anonymous_0)","line":5,"loc":{"start":{"line":5,"column":0},"end":{"line":5,"column":-1}}},"2":{"name":"FabaApiConnection","line":20,"loc":{"start":{"line":20,"column":17},"end":{"line":24,"column":3}}},"3":{"name":"(anonymous_2)","line":31,"loc":{"start":{"line":31,"column":50},"end":{"line":40,"column":3}}},"4":{"name":"(anonymous_3)","line":50,"loc":{"start":{"line":50,"column":105},"end":{"line":76,"column":3}}},"5":{"name":"(anonymous_4)","line":54,"loc":{"start":{"line":54,"column":43},"end":{"line":56,"column":5}}},"6":{"name":"(anonymous_5)","line":58,"loc":{"start":{"line":58,"column":39},"end":{"line":60,"column":5}}}},"branchMap":{"1":{"line":21,"type":"binary-expr","locations":[{"start":{"line":21,"column":4},"end":{"line":21,"column":11}},{"start":{"line":21,"column":11},"end":{"line":24,"column":2}}]},"2":{"line":50,"type":"if","locations":[{"start":{"line":50,"column":31},"end":{"line":50,"column":56}},{"start":{"line":50,"column":31},"end":{"line":50,"column":56}}]},"3":{"line":50,"type":"if","locations":[{"start":{"line":50,"column":58},"end":{"line":50,"column":80}},{"start":{"line":50,"column":58},"end":{"line":50,"column":80}}]},"4":{"line":50,"type":"if","locations":[{"start":{"line":50,"column":82},"end":{"line":50,"column":105}},{"start":{"line":50,"column":82},"end":{"line":50,"column":105}}]}},"s":{"1":0,"2":0,"3":0,"4":0,"5":0,"6":0,"7":0,"8":0,"9":0,"10":0,"11":0,"12":0,"13":0,"14":0,"15":0,"16":0,"17":0,"18":0,"19":0,"20":0,"21":0,"22":0,"23":0,"24":0,"25":0,"26":0},"b":{"1":[0,0],"2":[0,0],"3":[0,0],"4":[0,0]},"f":{"1":0,"2":0,"3":0,"4":0,"5":0,"6":0},"code":"import {FabaEventResultType} from \"@fabalous/core/FabaEvent\";\nimport FabaEvent from \"@fabalous/core/FabaEvent\";\nimport FabaCoreTransportBase from \"@fabalous/core/transport/FabaCoreTransportBase\";\n\nexport default class FabaApiConnection extends FabaCoreTransportBase {\n  /**\n   *\n   */\n  private url:string;\n\n  /**\n   *\n   */\n  private sendEventList:Array<FabaEvent>;\n\n  /**\n   *\n   * @param url\n   */\n  constructor(url) {\n    super();\n    this.url = url;\n    this.sendEventList = [];\n  }\n\n  /**\n   *\n   * @param data\n   * @param event\n   */\n  private completeHandler(data:any,event:FabaEvent):void {\n    let assign = require('object.assign').getPolyfill();\n\n    let jsonString:string = data.target.response;\n    let json = JSON.parse(jsonString);\n\n    let h:any = assign(event, json);\n\n    event.dispatch(null, FabaEventResultType.RESULT);\n  }\n\n  /**\n   *\n   * @param event\n   * @param timeoutTime\n   * @param timeOut\n   * @param compress\n   */\n  // TODO BUG\n  public send(event:FabaEvent, timeoutTime:number = 5000, timeOut:boolean = true, compress:boolean = true) {\n    //this.sendEventList.push(event);\n    //event.callBack();\n    var nRequest:XMLHttpRequest = new XMLHttpRequest();\n    nRequest.addEventListener(\"load\", (data)=>{\n      this.completeHandler(data,event);\n    }, false);\n\n    nRequest.addEventListener(\"abort\", ()=>{\n      console.log(\"error\");\n    }, false);\n    nRequest.open(\"POST\", this.url, true);\n    //nRequest.setRequestHeader('Content-Type', 'text/plain');\n    nRequest.send(super.prepareEventToSend(event));\n\n    //var sessionId = (CoreModel.instance.user != null) ? CoreModel.instance.user.sessionId : null;\n\n    //if (CoreWebAppModel.instance.mobile == true)\n    //compress = false;\n\n    //var nRequest = new SynapseXmlRequest(evnid, this.url, prepareSendData(event, compress), timeOut, sessionId);\n    //nRequest.addEventListener(SynapseXmlRequest.LOAD_EVENT, completeHandler);\n    //nRequest.addEventListener(SynapseXmlRequest.TIMEOUT_EVENT, timeOutHandler);\n    //nRequest.addEventListener(SynapseXmlRequest.TIMEOUT_EVENT, timeOutHandler);\n\n    //return nRequest;\n  }\n}","l":{"1":0,"3":0,"5":0,"21":0,"22":0,"23":0,"31":0,"32":0,"34":0,"35":0,"37":0,"39":0,"50":0,"53":0,"54":0,"55":0,"58":0,"59":0,"61":0,"63":0,"77":0}},
"/Users/creativecode/Projekte/@fabalous/fabalous-runtime-web/src/FabaWebWorkerBase.ts":{"path":"/Users/creativecode/Projekte/@fabalous/fabalous-runtime-web/src/FabaWebWorkerBase.ts","statementMap":{},"fnMap":{},"branchMap":{},"s":{},"b":{},"f":{},"code":"","l":{}},
"/Users/creativecode/Projekte/@fabalous/fabalous-runtime-web/src/initModule/InitModuleView.tsx":{"path":"/Users/creativecode/Projekte/@fabalous/fabalous-runtime-web/src/initModule/InitModuleView.tsx","statementMap":{"1":{"start":{"line":1,"column":0},"end":{"line":1,"column":30}},"2":{"start":{"line":3,"column":0},"end":{"line":3,"column":58}},"3":{"start":{"line":6,"column":0},"end":{"line":6,"column":64}},"4":{"start":{"line":6,"column":44},"end":{"line":6,"column":70}},"5":{"start":{"line":15,"column":4},"end":{"line":21,"column":5}},"6":{"start":{"line":16,"column":8},"end":{"line":20,"column":10}},"7":{"start":{"line":22,"column":0},"end":{"line":22,"column":1}}},"fnMap":{"1":{"name":"(anonymous_0)","line":6,"loc":{"start":{"line":6,"column":0},"end":{"line":6,"column":-1}}},"2":{"name":"InitModuleView","line":7,"loc":{"start":{"line":7,"column":21},"end":{"line":9,"column":5}}},"3":{"name":"(anonymous_2)","line":15,"loc":{"start":{"line":15,"column":4},"end":{"line":21,"column":5}}}},"branchMap":{"1":{"line":8,"type":"binary-expr","locations":[{"start":{"line":8,"column":8},"end":{"line":8,"column":20}},{"start":{"line":8,"column":20},"end":{"line":null,"column":-1}}]}},"s":{"1":0,"2":0,"3":0,"4":0,"5":0,"6":0,"7":0},"b":{"1":[0,0]},"f":{"1":0,"2":0,"3":0},"code":"import * as React from \"react\";\n\nimport FabaWebBaseComponent from \"../FabaWebBaseComponent\";\nimport ReactElement = React.ReactElement;\n\nexport default class InitModuleView extends FabaWebBaseComponent<null>{\n    constructor(props){\n        super(props);\n    }\n\n    /**\n     *\n     * @returns {any}\n     */\n    render(): ReactElement<any> {\n        return(\n            <div>\n                Welcome to Fabalous!\n            </div>\n        );\n    }\n}","l":{"1":0,"3":0,"6":0,"15":0,"16":0,"22":0}},
"/Users/creativecode/Projekte/@fabalous/fabalous-runtime-web/src/routes/Link.tsx":{"path":"/Users/creativecode/Projekte/@fabalous/fabalous-runtime-web/src/routes/Link.tsx","statementMap":{"1":{"start":{"line":1,"column":0},"end":{"line":1,"column":30}},"2":{"start":{"line":3,"column":0},"end":{"line":3,"column":58}},"3":{"start":{"line":10,"column":0},"end":{"line":10,"column":54}},"4":{"start":{"line":10,"column":34},"end":{"line":10,"column":66}},"5":{"start":{"line":11,"column":4},"end":{"line":17,"column":5}},"6":{"start":{"line":12,"column":8},"end":{"line":16,"column":9}},"7":{"start":{"line":18,"column":0},"end":{"line":18,"column":1}}},"fnMap":{"1":{"name":"(anonymous_0)","line":10,"loc":{"start":{"line":10,"column":0},"end":{"line":10,"column":-1}}},"2":{"name":"Link","line":10,"loc":{"start":{"line":10,"column":0},"end":{"line":18,"column":1}}},"3":{"name":"(anonymous_2)","line":11,"loc":{"start":{"line":11,"column":4},"end":{"line":17,"column":5}}}},"branchMap":{},"s":{"1":0,"2":0,"3":0,"4":0,"5":0,"6":0,"7":0},"b":{},"f":{"1":0,"2":0,"3":0},"code":"import * as React from \"react\";\n\nimport FabaWebBaseComponent from \"../FabaWebBaseComponent\";\nimport {IRoutes} from \"./IRoutes\";\n\nexport interface ILinkProps{\n    route:IRoutes;\n}\n\nexport default class Link extends FabaWebBaseComponent<ILinkProps>{\n    render(){\n        return(\n            <a href={this.props.route.route}>\n                {this.props.children}\n            </a>\n        )\n    }\n}","l":{"1":0,"3":0,"10":0,"11":0,"12":0,"18":0}},
"/Users/creativecode/Projekte/@fabalous/fabalous-runtime-web/src/FabaWebBaseComponent.tsx":{"path":"/Users/creativecode/Projekte/@fabalous/fabalous-runtime-web/src/FabaWebBaseComponent.tsx","statementMap":{"1":{"start":{"line":1,"column":0},"end":{"line":1,"column":30}},"2":{"start":{"line":2,"column":23},"end":{"line":2,"column":62}},"3":{"start":{"line":8,"column":0},"end":{"line":8,"column":73}},"4":{"start":{"line":8,"column":58},"end":{"line":8,"column":87}},"5":{"start":{"line":24,"column":4},"end":{"line":26,"column":5}},"6":{"start":{"line":25,"column":8},"end":{"line":25,"column":58}},"7":{"start":{"line":27,"column":0},"end":{"line":27,"column":1}}},"fnMap":{"1":{"name":"(anonymous_0)","line":8,"loc":{"start":{"line":8,"column":0},"end":{"line":8,"column":-1}}},"2":{"name":"FabaWebBaseComponent","line":14,"loc":{"start":{"line":14,"column":28},"end":{"line":16,"column":5}}},"3":{"name":"(anonymous_2)","line":24,"loc":{"start":{"line":24,"column":46},"end":{"line":26,"column":5}}}},"branchMap":{"1":{"line":15,"type":"binary-expr","locations":[{"start":{"line":15,"column":8},"end":{"line":15,"column":20}},{"start":{"line":15,"column":20},"end":{"line":null,"column":-1}}]}},"s":{"1":0,"2":0,"3":0,"4":0,"5":0,"6":0,"7":0},"b":{"1":[0,0]},"f":{"1":0,"2":0,"3":0},"code":"import * as React from \"react\";\nconst shallowCompare = require('react-addons-shallow-compare');\n\n/**\n * Faba BaseComponent that use shallowCompare for quick rendering if it neeeds to\n */\n\nexport default class FabaWebBaseComponent<TProps> extends React.Component<TProps, null>{\n\n    /**\n     * Constructor\n     * @param props\n     */\n    constructor(props:TProps){\n        super(props);\n    }\n\n    /**\n     * Implemented by React\n     * @param nextProps\n     * @param nextState\n     * @returns {any}\n     */\n    shouldComponentUpdate(nextProps, nextState) {\n        return shallowCompare(this, nextProps, nextState);\n    }\n}","l":{"1":0,"2":0,"8":0,"24":0,"25":0,"27":0}}}
