TN:
SF:/Users/creativecode/Projekte/@fabalous/fabalous-runtime-web/src/FabaRuntimeWeb.ts
FN:22,(anonymous_0)
FN:35,FabaRuntimeWeb
FN:45,(anonymous_2)
FN:56,(anonymous_3)
FN:70,(anonymous_4)
FN:105,(anonymous_5)
FNF:6
FNH:2
FNDA:1,(anonymous_0)
FNDA:2,FabaRuntimeWeb
FNDA:0,(anonymous_2)
FNDA:0,(anonymous_3)
FNDA:0,(anonymous_4)
FNDA:0,(anonymous_5)
DA:1,1
DA:5,1
DA:6,1
DA:9,1
DA:10,1
DA:22,1
DA:23,1
DA:36,2
DA:37,2
DA:45,1
DA:46,0
DA:56,1
DA:57,0
DA:58,0
DA:61,0
DA:62,0
DA:70,1
DA:71,0
DA:74,0
DA:75,0
DA:78,0
DA:79,0
DA:80,0
DA:81,0
DA:82,0
DA:84,0
DA:85,0
DA:91,0
DA:92,0
DA:94,0
DA:105,1
DA:106,0
DA:108,0
DA:109,0
DA:110,0
DA:113,0
DA:115,1
LF:37
LH:14
BRDA:36,1,0,2
BRDA:36,1,1,0
BRDA:57,2,0,0
BRDA:57,2,1,0
BRDA:71,3,0,0
BRDA:71,3,1,0
BRDA:80,4,0,0
BRDA:80,4,1,0
BRDA:84,5,0,0
BRDA:84,5,1,0
BRDA:91,6,0,0
BRDA:91,6,1,0
BRDA:110,7,0,0
BRDA:110,7,1,0
BRF:14
BRH:1
end_of_record
TN:
SF:/Users/creativecode/Projekte/@fabalous/fabalous-runtime-web/src/FabaRuntimeWebMediator.ts
FN:19,(anonymous_0)
FN:19,FabaRuntimeWebMediator
FN:29,(anonymous_2)
FNF:3
FNH:3
FNDA:1,(anonymous_0)
FNDA:1,FabaRuntimeWebMediator
FNDA:1,(anonymous_2)
DA:2,1
DA:3,1
DA:4,1
DA:5,1
DA:6,1
DA:7,1
DA:8,1
DA:9,1
DA:10,1
DA:11,1
DA:12,1
DA:19,1
DA:29,1
DA:30,1
DA:31,1
DA:32,1
DA:33,1
DA:34,1
DA:36,1
LF:19
LH:19
BRF:0
BRH:0
end_of_record
TN:
SF:/Users/creativecode/Projekte/@fabalous/fabalous-runtime-web/src/event/ChangeMediaQueryEvent.ts
FN:3,(anonymous_0)
FN:7,ChangeMediaQueryEvent
FNF:2
FNH:2
FNDA:1,(anonymous_0)
FNDA:1,ChangeMediaQueryEvent
DA:1,1
DA:3,1
DA:8,1
DA:10,1
DA:11,1
DA:13,1
LF:6
LH:6
BRDA:8,1,0,1
BRDA:8,1,1,1
BRF:2
BRH:2
end_of_record
TN:
SF:/Users/creativecode/Projekte/@fabalous/fabalous-runtime-web/src/event/ChangeRouteEvent.ts
FN:3,(anonymous_0)
FN:4,ChangeRouteEvent
FNF:2
FNH:2
FNDA:1,(anonymous_0)
FNDA:1,ChangeRouteEvent
DA:1,1
DA:3,1
DA:7,1
LF:3
LH:3
BRDA:5,1,0,1
BRDA:5,1,1,1
BRF:2
BRH:2
end_of_record
TN:
SF:/Users/creativecode/Projekte/@fabalous/fabalous-runtime-web/src/event/ChangeUrlEvent.ts
FN:3,(anonymous_0)
FN:4,ChangeUrlEvent
FNF:2
FNH:2
FNDA:1,(anonymous_0)
FNDA:1,ChangeUrlEvent
DA:1,1
DA:3,1
DA:7,1
LF:3
LH:3
BRDA:5,1,0,1
BRDA:5,1,1,1
BRF:2
BRH:2
end_of_record
TN:
SF:/Users/creativecode/Projekte/@fabalous/fabalous-runtime-web/src/event/RenderToDOMEvent.ts
FN:3,(anonymous_0)
FN:8,RenderToDOMEvent
FNF:2
FNH:2
FNDA:1,(anonymous_0)
FNDA:1,RenderToDOMEvent
DA:1,1
DA:3,1
DA:9,1
DA:11,1
DA:12,1
DA:13,1
DA:15,1
LF:7
LH:7
BRDA:9,1,0,1
BRDA:9,1,1,1
BRF:2
BRH:2
end_of_record
TN:
SF:/Users/creativecode/Projekte/@fabalous/fabalous-runtime-web/src/command/ChangeMediaQueryCommand.ts
FN:4,(anonymous_0)
FN:4,ChangeMediaQueryCommand
FN:5,(anonymous_2)
FNF:3
FNH:1
FNDA:1,(anonymous_0)
FNDA:0,ChangeMediaQueryCommand
FNDA:0,(anonymous_2)
DA:2,1
DA:4,1
DA:5,1
DA:6,0
DA:7,0
DA:9,1
LF:6
LH:4
BRF:0
BRH:0
end_of_record
TN:
SF:/Users/creativecode/Projekte/@fabalous/fabalous-runtime-web/src/FabaWebCommand.ts
FN:9,(anonymous_0)
FN:16,FabaWebCommand
FN:26,(anonymous_2)
FN:34,(anonymous_3)
FN:42,(anonymous_4)
FN:51,(anonymous_5)
FN:55,(anonymous_6)
FNF:7
FNH:1
FNDA:1,(anonymous_0)
FNDA:0,FabaWebCommand
FNDA:0,(anonymous_2)
FNDA:0,(anonymous_3)
FNDA:0,(anonymous_4)
FNDA:0,(anonymous_5)
FNDA:0,(anonymous_6)
DA:1,1
DA:9,1
DA:17,0
DA:18,0
DA:26,1
DA:27,0
DA:34,1
DA:35,0
DA:42,1
DA:51,1
DA:52,0
DA:53,0
DA:55,0
DA:56,0
DA:59,1
LF:15
LH:7
BRDA:17,1,0,0
BRDA:17,1,1,0
BRF:2
BRH:0
end_of_record
TN:
SF:/Users/creativecode/Projekte/@fabalous/fabalous-runtime-web/src/command/ChangeRouteCommand.ts
FN:4,(anonymous_0)
FN:4,ChangeRouteCommand
FN:5,(anonymous_2)
FNF:3
FNH:1
FNDA:1,(anonymous_0)
FNDA:0,ChangeRouteCommand
FNDA:0,(anonymous_2)
DA:2,1
DA:4,1
DA:5,1
DA:8,1
LF:4
LH:4
BRF:0
BRH:0
end_of_record
TN:
SF:/Users/creativecode/Projekte/@fabalous/fabalous-runtime-web/src/command/ChangeUrlCommand.ts
FN:4,(anonymous_0)
FN:4,ChangeUrlCommand
FN:5,(anonymous_2)
FNF:3
FNH:1
FNDA:1,(anonymous_0)
FNDA:0,ChangeUrlCommand
FNDA:0,(anonymous_2)
DA:2,1
DA:4,1
DA:5,1
DA:8,1
LF:4
LH:4
BRF:0
BRH:0
end_of_record
TN:
SF:/Users/creativecode/Projekte/@fabalous/fabalous-runtime-web/src/command/RenderToDOMCommand.ts
FN:7,(anonymous_0)
FN:7,RenderToDOMCommand
FN:8,(anonymous_2)
FNF:3
FNH:1
FNDA:1,(anonymous_0)
FNDA:0,RenderToDOMCommand
FNDA:0,(anonymous_2)
DA:1,1
DA:2,1
DA:5,1
DA:7,1
DA:8,1
DA:9,0
DA:11,0
DA:12,0
DA:14,1
LF:9
LH:6
BRDA:9,1,0,0
BRDA:9,1,1,0
BRF:2
BRH:0
end_of_record
TN:
SF:/Users/creativecode/Projekte/@fabalous/fabalous-runtime-web/src/command/StoreUpdateCommand.ts
FN:6,(anonymous_0)
FN:6,StoreUpdateCommand
FN:7,(anonymous_2)
FNF:3
FNH:1
FNDA:1,(anonymous_0)
FNDA:0,StoreUpdateCommand
FNDA:0,(anonymous_2)
DA:2,1
DA:3,1
DA:4,1
DA:6,1
DA:7,1
DA:8,0
DA:9,0
DA:11,1
LF:8
LH:6
BRF:0
BRH:0
end_of_record
TN:
SF:/Users/creativecode/Projekte/@fabalous/fabalous-runtime-web/src/FabaWebMediator.ts
FN:7,(anonymous_0)
FN:7,FabaWebMediator
FN:13,(anonymous_2)
FNF:3
FNH:3
FNDA:1,(anonymous_0)
FNDA:1,FabaWebMediator
FNDA:5,(anonymous_2)
DA:1,1
DA:7,1
DA:13,1
DA:14,5
DA:16,1
LF:5
LH:5
BRF:0
BRH:0
end_of_record
TN:
SF:/Users/creativecode/Projekte/@fabalous/fabalous-runtime-web/src/event/LoadModuleEvent.ts
FN:3,(anonymous_0)
FN:7,LoadModuleEvent
FNF:2
FNH:1
FNDA:1,(anonymous_0)
FNDA:0,LoadModuleEvent
DA:1,1
DA:3,1
DA:8,0
DA:10,0
DA:11,0
DA:13,1
LF:6
LH:3
BRDA:8,1,0,0
BRDA:8,1,1,0
BRF:2
BRH:0
end_of_record
TN:
SF:/Users/creativecode/Projekte/@fabalous/fabalous-runtime-web/src/command/LoadModuleCommand.ts
FN:7,(anonymous_0)
FN:7,LoadModuleCommand
FN:8,(anonymous_2)
FNF:3
FNH:0
FNDA:0,(anonymous_0)
FNDA:0,LoadModuleCommand
FNDA:0,(anonymous_2)
DA:2,0
DA:3,0
DA:4,0
DA:5,0
DA:7,0
DA:8,0
DA:9,0
DA:11,0
DA:12,0
DA:14,0
DA:15,0
DA:17,0
DA:18,0
DA:19,0
DA:22,0
DA:25,0
DA:27,0
DA:28,0
DA:29,0
DA:31,0
LF:20
LH:0
BRDA:9,1,0,0
BRDA:9,1,1,0
BRDA:17,2,0,0
BRDA:17,2,1,0
BRF:4
BRH:0
end_of_record
TN:
SF:/Users/creativecode/Projekte/@fabalous/fabalous-runtime-web/src/initModule/index.ts
FN:8,(anonymous_0)
FN:8,InitModuleMediator
FN:12,(anonymous_2)
FN:17,(anonymous_3)
FN:23,InitModuleEvent
FN:28,(anonymous_5)
FN:28,InitModuleCommand
FN:33,(anonymous_7)
FNF:8
FNH:0
FNDA:0,(anonymous_0)
FNDA:0,InitModuleMediator
FNDA:0,(anonymous_2)
FNDA:0,(anonymous_3)
FNDA:0,InitModuleEvent
FNDA:0,(anonymous_5)
FNDA:0,InitModuleCommand
FNDA:0,(anonymous_7)
DA:1,0
DA:2,0
DA:3,0
DA:4,0
DA:6,0
DA:8,0
DA:12,0
DA:13,0
DA:15,0
DA:17,0
DA:26,0
DA:28,0
DA:33,0
DA:34,0
DA:35,0
DA:37,0
DA:38,0
DA:43,0
LF:18
LH:0
BRDA:24,1,0,0
BRDA:24,1,1,0
BRF:2
BRH:0
end_of_record
TN:
SF:/Users/creativecode/Projekte/@fabalous/fabalous-runtime-web/src/routes/IRoutes.ts
FNF:0
FNH:0
DA:1,0
LF:1
LH:0
BRF:0
BRH:0
end_of_record
TN:
SF:/Users/creativecode/Projekte/@fabalous/fabalous-runtime-web/src/routes/FabaWebRoutes.ts
FN:2,(anonymous_0)
FN:2,FabaWebRoutes
FN:7,(anonymous_2)
FNF:3
FNH:0
FNDA:0,(anonymous_0)
FNDA:0,FabaWebRoutes
FNDA:0,(anonymous_2)
DA:2,0
DA:7,0
DA:8,0
DA:10,0
LF:4
LH:0
BRF:0
BRH:0
end_of_record
TN:
SF:/Users/creativecode/Projekte/@fabalous/fabalous-runtime-web/src/transport/FabaWebSocket.ts
FNF:0
FNH:0
LF:0
LH:0
BRF:0
BRH:0
end_of_record
TN:
SF:/Users/creativecode/Projekte/@fabalous/fabalous-runtime-web/src/transport/FabaApiConnection.ts
FN:5,(anonymous_0)
FN:20,FabaApiConnection
FN:31,(anonymous_2)
FN:50,(anonymous_3)
FN:54,(anonymous_4)
FN:58,(anonymous_5)
FNF:6
FNH:0
FNDA:0,(anonymous_0)
FNDA:0,FabaApiConnection
FNDA:0,(anonymous_2)
FNDA:0,(anonymous_3)
FNDA:0,(anonymous_4)
FNDA:0,(anonymous_5)
DA:1,0
DA:3,0
DA:5,0
DA:21,0
DA:22,0
DA:23,0
DA:31,0
DA:32,0
DA:34,0
DA:35,0
DA:37,0
DA:39,0
DA:50,0
DA:53,0
DA:54,0
DA:55,0
DA:58,0
DA:59,0
DA:61,0
DA:63,0
DA:77,0
LF:21
LH:0
BRDA:21,1,0,0
BRDA:21,1,1,0
BRDA:50,2,0,0
BRDA:50,2,1,0
BRDA:50,3,0,0
BRDA:50,3,1,0
BRDA:50,4,0,0
BRDA:50,4,1,0
BRF:8
BRH:0
end_of_record
TN:
SF:/Users/creativecode/Projekte/@fabalous/fabalous-runtime-web/src/FabaWebWorkerBase.ts
FNF:0
FNH:0
LF:0
LH:0
BRF:0
BRH:0
end_of_record
TN:
SF:/Users/creativecode/Projekte/@fabalous/fabalous-runtime-web/src/initModule/InitModuleView.tsx
FN:6,(anonymous_0)
FN:7,InitModuleView
FN:15,(anonymous_2)
FNF:3
FNH:0
FNDA:0,(anonymous_0)
FNDA:0,InitModuleView
FNDA:0,(anonymous_2)
DA:1,0
DA:3,0
DA:6,0
DA:15,0
DA:16,0
DA:22,0
LF:6
LH:0
BRDA:8,1,0,0
BRDA:8,1,1,0
BRF:2
BRH:0
end_of_record
TN:
SF:/Users/creativecode/Projekte/@fabalous/fabalous-runtime-web/src/routes/Link.tsx
FN:10,(anonymous_0)
FN:10,Link
FN:11,(anonymous_2)
FNF:3
FNH:0
FNDA:0,(anonymous_0)
FNDA:0,Link
FNDA:0,(anonymous_2)
DA:1,0
DA:3,0
DA:10,0
DA:11,0
DA:12,0
DA:18,0
LF:6
LH:0
BRF:0
BRH:0
end_of_record
TN:
SF:/Users/creativecode/Projekte/@fabalous/fabalous-runtime-web/src/FabaWebBaseComponent.tsx
FN:8,(anonymous_0)
FN:14,FabaWebBaseComponent
FN:24,(anonymous_2)
FNF:3
FNH:0
FNDA:0,(anonymous_0)
FNDA:0,FabaWebBaseComponent
FNDA:0,(anonymous_2)
DA:1,0
DA:2,0
DA:8,0
DA:24,0
DA:25,0
DA:27,0
LF:6
LH:0
BRDA:15,1,0,0
BRDA:15,1,1,0
BRF:2
BRH:0
end_of_record
