TN:
SF:/Users/creativecode/Projekte/@fabalous/fabalous-runtime-web/src/FabaRuntimeWeb.ts
FN:19,(anonymous_0)
FN:29,FabaRuntimeWeb
FN:40,(anonymous_2)
FN:50,(anonymous_3)
FN:53,(anonymous_4)
FN:63,(anonymous_5)
FN:73,(anonymous_6)
FN:85,(anonymous_7)
FN:118,(anonymous_8)
FNF:9
FNH:3
FNDA:1,(anonymous_0)
FNDA:3,FabaRuntimeWeb
FNDA:0,(anonymous_2)
FNDA:0,(anonymous_3)
FNDA:0,(anonymous_4)
FNDA:0,(anonymous_5)
FNDA:0,(anonymous_6)
FNDA:3,(anonymous_7)
FNDA:0,(anonymous_8)
DA:1,1
DA:4,1
DA:5,1
DA:6,1
DA:7,1
DA:8,1
DA:9,1
DA:10,1
DA:11,1
DA:19,1
DA:20,1
DA:30,3
DA:31,3
DA:32,3
DA:33,3
DA:34,3
DA:35,3
DA:36,0
DA:38,3
DA:39,0
DA:40,3
DA:41,0
DA:43,3
DA:44,3
DA:50,1
DA:51,0
DA:52,0
DA:53,0
DA:54,0
DA:63,1
DA:64,0
DA:73,1
DA:74,0
DA:75,0
DA:77,0
DA:78,0
DA:85,1
DA:86,3
DA:87,3
DA:88,0
DA:89,0
DA:91,0
DA:92,0
DA:94,0
DA:95,0
DA:96,0
DA:97,0
DA:98,0
DA:99,0
DA:100,0
DA:105,0
DA:106,0
DA:109,0
DA:118,1
DA:119,0
DA:120,0
DA:121,0
DA:122,0
DA:123,0
DA:125,0
DA:127,1
DA:129,1
DA:130,1
LF:63
LH:31
BRDA:30,0,0,3
BRDA:30,0,1,0
BRDA:35,1,0,0
BRDA:35,1,1,3
BRDA:38,2,0,0
BRDA:38,2,1,3
BRDA:51,3,0,0
BRDA:51,3,1,0
BRDA:51,4,0,0
BRDA:51,4,1,0
BRDA:74,5,0,0
BRDA:74,5,1,0
BRDA:86,6,0,3
BRDA:86,6,1,0
BRDA:88,7,0,0
BRDA:88,7,1,0
BRDA:96,8,0,0
BRDA:96,8,1,0
BRDA:99,9,0,0
BRDA:99,9,1,0
BRDA:105,10,0,0
BRDA:105,10,1,0
BRDA:122,11,0,0
BRDA:122,11,1,0
BRF:24
BRH:4
end_of_record
TN:
SF:/Users/creativecode/Projekte/@fabalous/fabalous-runtime-web/src/FabaRuntimeWebMediator.ts
FN:19,(anonymous_0)
FN:21,FabaRuntimeWebMediator
FN:32,(anonymous_2)
FNF:3
FNH:3
FNDA:1,(anonymous_0)
FNDA:2,FabaRuntimeWebMediator
FNDA:1,(anonymous_2)
DA:1,1
DA:2,1
DA:3,1
DA:4,1
DA:5,1
DA:6,1
DA:7,1
DA:8,1
DA:9,1
DA:10,1
DA:11,1
DA:12,1
DA:13,1
DA:14,1
DA:19,1
DA:20,1
DA:22,2
DA:32,1
DA:33,1
DA:34,1
DA:35,1
DA:36,1
DA:37,1
DA:39,1
DA:41,1
LF:25
LH:25
BRDA:22,0,0,2
BRDA:22,0,1,2
BRDA:22,0,2,0
BRF:3
BRH:2
end_of_record
TN:
SF:/Users/creativecode/Projekte/@fabalous/fabalous-runtime-web/src/FabaWebBaseComponent.tsx
FN:9,(anonymous_0)
FN:15,FabaWebBaseComponent
FN:24,(anonymous_2)
FNF:3
FNH:0
FNDA:0,(anonymous_0)
FNDA:0,FabaWebBaseComponent
FNDA:0,(anonymous_2)
DA:1,0
DA:2,0
DA:3,0
DA:4,0
DA:5,0
DA:9,0
DA:10,0
DA:16,0
DA:24,0
DA:25,0
DA:27,0
DA:29,0
LF:12
LH:0
BRDA:16,0,0,0
BRDA:16,0,1,0
BRF:2
BRH:0
end_of_record
TN:
SF:/Users/creativecode/Projekte/@fabalous/fabalous-runtime-web/src/FabaWebCommand.ts
FN:8,(anonymous_0)
FN:14,FabaWebCommand
FN:24,(anonymous_2)
FN:32,(anonymous_3)
FN:42,(anonymous_4)
FN:49,(anonymous_5)
FN:52,(anonymous_6)
FNF:7
FNH:3
FNDA:1,(anonymous_0)
FNDA:3,FabaWebCommand
FNDA:2,(anonymous_2)
FNDA:0,(anonymous_3)
FNDA:0,(anonymous_4)
FNDA:0,(anonymous_5)
FNDA:0,(anonymous_6)
DA:1,1
DA:2,1
DA:3,1
DA:4,1
DA:8,1
DA:9,1
DA:15,3
DA:16,3
DA:17,3
DA:24,1
DA:25,2
DA:27,1
DA:33,0
DA:42,1
DA:49,1
DA:50,0
DA:51,0
DA:52,0
DA:53,0
DA:56,1
DA:58,1
LF:21
LH:16
BRDA:15,0,0,3
BRDA:15,0,1,3
BRF:2
BRH:2
end_of_record
TN:
SF:/Users/creativecode/Projekte/@fabalous/fabalous-runtime-web/src/FabaWebMediator.ts
FN:8,(anonymous_0)
FN:10,FabaWebMediator
FN:18,(anonymous_2)
FNF:3
FNH:3
FNDA:1,(anonymous_0)
FNDA:2,FabaWebMediator
FNDA:7,(anonymous_2)
DA:1,1
DA:2,1
DA:3,1
DA:4,1
DA:8,1
DA:9,1
DA:11,2
DA:18,1
DA:19,7
DA:21,1
DA:23,1
LF:11
LH:11
BRDA:11,0,0,2
BRDA:11,0,1,2
BRDA:11,0,2,2
BRF:3
BRH:3
end_of_record
TN:
SF:/Users/creativecode/Projekte/@fabalous/fabalous-runtime-web/src/FabaWebWorkerBase.ts
FNF:0
FNH:0
DA:1,0
DA:2,0
LF:2
LH:0
BRF:0
BRH:0
end_of_record
TN:
SF:/Users/creativecode/Projekte/@fabalous/fabalous-runtime-web/src/command/ChangeMediaQueryCommand.ts
FN:5,(anonymous_0)
FN:7,ChangeMediaQueryCommand
FN:10,(anonymous_2)
FNF:3
FNH:1
FNDA:1,(anonymous_0)
FNDA:0,ChangeMediaQueryCommand
FNDA:0,(anonymous_2)
DA:1,1
DA:2,1
DA:3,1
DA:4,1
DA:5,1
DA:6,1
DA:8,0
DA:10,1
DA:11,0
DA:12,0
DA:14,1
DA:16,1
LF:12
LH:9
BRDA:8,0,0,0
BRDA:8,0,1,0
BRDA:8,0,2,0
BRF:3
BRH:0
end_of_record
TN:
SF:/Users/creativecode/Projekte/@fabalous/fabalous-runtime-web/src/command/ChangeRouteCommand.ts
FN:5,(anonymous_0)
FN:7,ChangeRouteCommand
FN:10,(anonymous_2)
FNF:3
FNH:1
FNDA:1,(anonymous_0)
FNDA:0,ChangeRouteCommand
FNDA:0,(anonymous_2)
DA:1,1
DA:2,1
DA:3,1
DA:4,1
DA:5,1
DA:6,1
DA:8,0
DA:10,1
DA:13,1
DA:15,1
LF:10
LH:9
BRDA:8,0,0,0
BRDA:8,0,1,0
BRDA:8,0,2,0
BRF:3
BRH:0
end_of_record
TN:
SF:/Users/creativecode/Projekte/@fabalous/fabalous-runtime-web/src/command/ChangeUrlCommand.ts
FN:5,(anonymous_0)
FN:7,ChangeUrlCommand
FN:10,(anonymous_2)
FNF:3
FNH:1
FNDA:1,(anonymous_0)
FNDA:0,ChangeUrlCommand
FNDA:0,(anonymous_2)
DA:1,1
DA:2,1
DA:3,1
DA:4,1
DA:5,1
DA:6,1
DA:8,0
DA:10,1
DA:12,1
DA:14,1
LF:10
LH:9
BRDA:8,0,0,0
BRDA:8,0,1,0
BRDA:8,0,2,0
BRF:3
BRH:0
end_of_record
TN:
SF:/Users/creativecode/Projekte/@fabalous/fabalous-runtime-web/src/command/LoadModuleCommand.ts
FN:8,(anonymous_0)
FN:10,LoadModuleCommand
FN:13,(anonymous_2)
FN:14,(anonymous_3)
FN:16,(anonymous_4)
FNF:5
FNH:0
FNDA:0,(anonymous_0)
FNDA:0,LoadModuleCommand
FNDA:0,(anonymous_2)
FNDA:0,(anonymous_3)
FNDA:0,(anonymous_4)
DA:1,0
DA:2,0
DA:3,0
DA:4,0
DA:5,0
DA:6,0
DA:7,0
DA:8,0
DA:9,0
DA:11,0
DA:13,0
DA:14,0
DA:16,0
DA:17,0
DA:19,0
DA:20,0
DA:21,0
DA:22,0
DA:23,0
DA:25,0
DA:26,0
DA:27,0
DA:28,0
DA:29,0
DA:31,0
DA:32,0
DA:33,0
DA:34,0
DA:35,0
DA:37,0
DA:38,0
DA:39,0
DA:44,0
DA:46,0
LF:34
LH:0
BRDA:11,0,0,0
BRDA:11,0,1,0
BRDA:11,0,2,0
BRDA:17,1,0,0
BRDA:17,1,1,0
BRDA:17,1,2,0
BRDA:19,2,0,0
BRDA:19,2,1,0
BRDA:27,3,0,0
BRDA:27,3,1,0
BRF:10
BRH:0
end_of_record
TN:
SF:/Users/creativecode/Projekte/@fabalous/fabalous-runtime-web/src/command/RenderToDOMCommand.ts
FN:7,(anonymous_0)
FN:9,RenderToDOMCommand
FN:12,(anonymous_2)
FNF:3
FNH:1
FNDA:1,(anonymous_0)
FNDA:0,RenderToDOMCommand
FNDA:0,(anonymous_2)
DA:1,1
DA:2,1
DA:3,1
DA:4,1
DA:5,1
DA:6,1
DA:7,1
DA:8,1
DA:10,0
DA:12,1
DA:13,0
DA:14,0
DA:15,0
DA:16,0
DA:18,1
DA:20,1
LF:16
LH:11
BRDA:10,0,0,0
BRDA:10,0,1,0
BRDA:10,0,2,0
BRDA:13,1,0,0
BRDA:13,1,1,0
BRF:5
BRH:0
end_of_record
TN:
SF:/Users/creativecode/Projekte/@fabalous/fabalous-runtime-web/src/command/StoreUpdateCommand.ts
FN:7,(anonymous_0)
FN:9,StoreUpdateCommand
FN:12,(anonymous_2)
FN:13,(anonymous_3)
FN:15,(anonymous_4)
FNF:5
FNH:5
FNDA:1,(anonymous_0)
FNDA:1,StoreUpdateCommand
FNDA:1,(anonymous_2)
FNDA:1,(anonymous_3)
FNDA:1,(anonymous_4)
DA:1,1
DA:2,1
DA:3,1
DA:4,1
DA:5,1
DA:6,1
DA:7,1
DA:8,1
DA:10,1
DA:12,1
DA:13,1
DA:15,1
DA:16,1
DA:17,1
DA:19,0
DA:20,0
DA:21,0
DA:26,1
DA:28,1
LF:19
LH:16
BRDA:10,0,0,1
BRDA:10,0,1,1
BRDA:10,0,2,0
BRDA:16,1,0,1
BRDA:16,1,1,0
BRF:5
BRH:3
end_of_record
TN:
SF:/Users/creativecode/Projekte/@fabalous/fabalous-runtime-web/src/event/ChangeMediaQueryEvent.ts
FN:5,(anonymous_0)
FN:7,ChangeMediaQueryEvent
FNF:2
FNH:2
FNDA:1,(anonymous_0)
FNDA:1,ChangeMediaQueryEvent
DA:1,1
DA:2,1
DA:3,1
DA:4,1
DA:5,1
DA:6,1
DA:8,1
DA:9,1
DA:10,1
DA:11,1
DA:13,1
DA:15,1
LF:12
LH:12
BRDA:8,0,0,1
BRDA:8,0,1,1
BRF:2
BRH:2
end_of_record
TN:
SF:/Users/creativecode/Projekte/@fabalous/fabalous-runtime-web/src/event/ChangeRouteEvent.ts
FN:5,(anonymous_0)
FN:7,ChangeRouteEvent
FNF:2
FNH:2
FNDA:1,(anonymous_0)
FNDA:1,ChangeRouteEvent
DA:1,1
DA:2,1
DA:3,1
DA:4,1
DA:5,1
DA:6,1
DA:8,1
DA:10,1
DA:12,1
LF:9
LH:9
BRDA:8,0,0,1
BRDA:8,0,1,1
BRF:2
BRH:2
end_of_record
TN:
SF:/Users/creativecode/Projekte/@fabalous/fabalous-runtime-web/src/event/ChangeUrlEvent.ts
FN:5,(anonymous_0)
FN:7,ChangeUrlEvent
FNF:2
FNH:2
FNDA:1,(anonymous_0)
FNDA:1,ChangeUrlEvent
DA:1,1
DA:2,1
DA:3,1
DA:4,1
DA:5,1
DA:6,1
DA:8,1
DA:10,1
DA:12,1
LF:9
LH:9
BRDA:8,0,0,1
BRDA:8,0,1,1
BRF:2
BRH:2
end_of_record
TN:
SF:/Users/creativecode/Projekte/@fabalous/fabalous-runtime-web/src/event/LoadModuleEvent.ts
FN:5,(anonymous_0)
FN:7,LoadModuleEvent
FNF:2
FNH:1
FNDA:1,(anonymous_0)
FNDA:0,LoadModuleEvent
DA:1,1
DA:2,1
DA:3,1
DA:4,1
DA:5,1
DA:6,1
DA:8,0
DA:9,0
DA:10,0
DA:11,0
DA:13,1
DA:15,1
LF:12
LH:8
BRDA:8,0,0,0
BRDA:8,0,1,0
BRF:2
BRH:0
end_of_record
TN:
SF:/Users/creativecode/Projekte/@fabalous/fabalous-runtime-web/src/event/RenderToDOMEvent.ts
FN:5,(anonymous_0)
FN:7,RenderToDOMEvent
FNF:2
FNH:2
FNDA:1,(anonymous_0)
FNDA:1,RenderToDOMEvent
DA:1,1
DA:2,1
DA:3,1
DA:4,1
DA:5,1
DA:6,1
DA:8,1
DA:9,1
DA:10,1
DA:11,1
DA:12,1
DA:14,1
DA:16,1
LF:13
LH:13
BRDA:8,0,0,1
BRDA:8,0,1,1
BRF:2
BRH:2
end_of_record
TN:
SF:/Users/creativecode/Projekte/@fabalous/fabalous-runtime-web/src/initModule/InitModuleView.tsx
FN:6,(anonymous_0)
FN:8,InitModuleView
FN:15,(anonymous_2)
FNF:3
FNH:0
FNDA:0,(anonymous_0)
FNDA:0,InitModuleView
FNDA:0,(anonymous_2)
DA:1,0
DA:2,0
DA:3,0
DA:4,0
DA:5,0
DA:6,0
DA:7,0
DA:9,0
DA:15,0
DA:16,0
DA:18,0
DA:20,0
LF:12
LH:0
BRDA:9,0,0,0
BRDA:9,0,1,0
BRF:2
BRH:0
end_of_record
TN:
SF:/Users/creativecode/Projekte/@fabalous/fabalous-runtime-web/src/initModule/index.ts
FN:9,(anonymous_0)
FN:11,InitModuleMediator
FN:17,(anonymous_2)
FN:22,(anonymous_3)
FN:27,InitModuleEvent
FN:32,(anonymous_5)
FN:34,InitModuleCommand
FN:41,(anonymous_7)
FNF:8
FNH:0
FNDA:0,(anonymous_0)
FNDA:0,InitModuleMediator
FNDA:0,(anonymous_2)
FNDA:0,(anonymous_3)
FNDA:0,InitModuleEvent
FNDA:0,(anonymous_5)
FNDA:0,InitModuleCommand
FNDA:0,(anonymous_7)
DA:1,0
DA:2,0
DA:3,0
DA:4,0
DA:5,0
DA:6,0
DA:7,0
DA:8,0
DA:9,0
DA:10,0
DA:12,0
DA:17,0
DA:18,0
DA:20,0
DA:22,0
DA:23,0
DA:28,0
DA:30,0
DA:32,0
DA:33,0
DA:35,0
DA:41,0
DA:42,0
DA:43,0
DA:45,0
DA:47,0
DA:51,0
LF:27
LH:0
BRDA:12,0,0,0
BRDA:12,0,1,0
BRDA:12,0,2,0
BRDA:28,1,0,0
BRDA:28,1,1,0
BRDA:35,2,0,0
BRDA:35,2,1,0
BRDA:35,2,2,0
BRF:8
BRH:0
end_of_record
TN:
SF:/Users/creativecode/Projekte/@fabalous/fabalous-runtime-web/src/routes/FabaWebRoutes.ts
FN:3,(anonymous_0)
FN:4,FabaWebRoutes
FN:10,(anonymous_2)
FNF:3
FNH:0
FNDA:0,(anonymous_0)
FNDA:0,FabaWebRoutes
FNDA:0,(anonymous_2)
DA:1,0
DA:2,0
DA:3,0
DA:10,0
DA:11,0
DA:13,0
DA:15,0
LF:7
LH:0
BRF:0
BRH:0
end_of_record
TN:
SF:/Users/creativecode/Projekte/@fabalous/fabalous-runtime-web/src/routes/IRoutes.ts
FNF:0
FNH:0
DA:1,0
DA:4,0
DA:5,0
LF:3
LH:0
BRF:0
BRH:0
end_of_record
TN:
SF:/Users/creativecode/Projekte/@fabalous/fabalous-runtime-web/src/routes/Link.tsx
FN:6,(anonymous_0)
FN:8,Link
FN:11,(anonymous_2)
FNF:3
FNH:0
FNDA:0,(anonymous_0)
FNDA:0,Link
FNDA:0,(anonymous_2)
DA:1,0
DA:2,0
DA:3,0
DA:4,0
DA:5,0
DA:6,0
DA:7,0
DA:9,0
DA:11,0
DA:12,0
DA:14,0
DA:16,0
LF:12
LH:0
BRDA:9,0,0,0
BRDA:9,0,1,0
BRDA:9,0,2,0
BRF:3
BRH:0
end_of_record
TN:
SF:/Users/creativecode/Projekte/@fabalous/fabalous-runtime-web/src/transport/FabaApiConnection.ts
FN:6,(anonymous_0)
FN:12,FabaApiConnection
FN:23,(anonymous_2)
FN:38,(anonymous_3)
FN:46,(anonymous_4)
FN:49,(anonymous_5)
FNF:6
FNH:0
FNDA:0,(anonymous_0)
FNDA:0,FabaApiConnection
FNDA:0,(anonymous_2)
FNDA:0,(anonymous_3)
FNDA:0,(anonymous_4)
FNDA:0,(anonymous_5)
DA:1,0
DA:2,0
DA:3,0
DA:4,0
DA:5,0
DA:6,0
DA:7,0
DA:13,0
DA:14,0
DA:15,0
DA:16,0
DA:23,0
DA:24,0
DA:25,0
DA:26,0
DA:27,0
DA:28,0
DA:38,0
DA:39,0
DA:40,0
DA:41,0
DA:42,0
DA:45,0
DA:46,0
DA:47,0
DA:49,0
DA:50,0
DA:52,0
DA:54,0
DA:64,0
DA:66,0
LF:31
LH:0
BRDA:13,0,0,0
BRDA:13,0,1,0
BRDA:40,1,0,0
BRDA:40,1,1,0
BRDA:41,2,0,0
BRDA:41,2,1,0
BRDA:42,3,0,0
BRDA:42,3,1,0
BRF:8
BRH:0
end_of_record
TN:
SF:/Users/creativecode/Projekte/@fabalous/fabalous-runtime-web/src/transport/FabaWebSocket.ts
FNF:0
FNH:0
DA:1,0
DA:2,0
LF:2
LH:0
BRF:0
BRH:0
end_of_record
